<?xml version="1.0" encoding="UTF-8"?>
<coverage generated="1786851604784" clover="3.2.0">
  <project timestamp="1786851604784" name="All files">
    <metrics statements="561" coveredstatements="536" conditionals="478" coveredconditionals="427" methods="134" coveredmethods="130" elements="1173" coveredelements="1093" complexity="0" loc="561" ncloc="561" packages="2" files="14" classes="14"/>
    <package name="lib">
      <metrics statements="510" coveredstatements="486" conditionals="462" coveredconditionals="411" methods="115" coveredmethods="111"/>
      <file name="agent-run.ts" path="/Users/wangzhenyu/Desktop/ALLProject/ToIV/Mobile/src/lib/agent-run.ts">
        <metrics statements="75" coveredstatements="74" conditionals="114" coveredconditionals="113" methods="13" coveredmethods="13"/>
        <line num="22" count="9" type="stmt"/>
        <line num="33" count="202" type="cond" truecount="4" falsecount="0"/>
        <line num="37" count="9" type="stmt"/>
        <line num="47" count="9" type="stmt"/>
        <line num="59" count="294" type="cond" truecount="4" falsecount="0"/>
        <line num="63" count="9" type="stmt"/>
        <line num="75" count="206" type="cond" truecount="2" falsecount="0"/>
        <line num="92" count="197" type="cond" truecount="4" falsecount="0"/>
        <line num="93" count="195" type="stmt"/>
        <line num="94" count="925" type="stmt"/>
        <line num="95" count="2196" type="stmt"/>
        <line num="96" count="2196" type="cond" truecount="4" falsecount="0"/>
        <line num="98" count="894" type="stmt"/>
        <line num="100" count="195" type="stmt"/>
        <line num="101" count="195" type="cond" truecount="2" falsecount="0"/>
        <line num="102" count="192" type="stmt"/>
        <line num="103" count="192" type="cond" truecount="2" falsecount="0"/>
        <line num="104" count="186" type="stmt"/>
        <line num="105" count="186" type="cond" truecount="2" falsecount="0"/>
        <line num="106" count="183" type="stmt"/>
        <line num="107" count="183" type="cond" truecount="2" falsecount="0"/>
        <line num="109" count="13" type="cond" truecount="2" falsecount="0"/>
        <line num="110" count="7" type="cond" truecount="2" falsecount="0"/>
        <line num="111" count="2" type="stmt"/>
        <line num="113" count="170" type="stmt"/>
        <line num="114" count="170" type="cond" truecount="5" falsecount="0"/>
        <line num="115" count="1" type="stmt"/>
        <line num="117" count="169" type="stmt"/>
        <line num="118" count="169" type="cond" truecount="2" falsecount="0"/>
        <line num="119" count="163" type="stmt"/>
        <line num="130" count="52" type="cond" truecount="4" falsecount="0"/>
        <line num="131" count="50" type="stmt"/>
        <line num="132" count="113" type="stmt"/>
        <line num="133" count="113" type="cond" truecount="2" falsecount="0"/>
        <line num="136" count="5" type="stmt"/>
        <line num="141" count="325" type="stmt"/>
        <line num="142" count="325" type="cond" truecount="5" falsecount="0"/>
        <line num="159" count="9" type="stmt"/>
        <line num="174" count="15" type="stmt"/>
        <line num="175" count="15" type="stmt"/>
        <line num="176" count="36" type="cond" truecount="2" falsecount="0"/>
        <line num="177" count="3" type="stmt"/>
        <line num="178" count="3" type="stmt"/>
        <line num="180" count="33" type="stmt"/>
        <line num="181" count="33" type="cond" truecount="2" falsecount="0"/>
        <line num="182" count="12" type="stmt"/>
        <line num="183" count="12" type="cond" truecount="2" falsecount="0"/>
        <line num="184" count="12" type="cond" truecount="2" falsecount="0"/>
        <line num="185" count="6" type="cond" truecount="2" falsecount="0"/>
        <line num="187" count="12" type="stmt"/>
        <line num="189" count="15" type="stmt"/>
        <line num="190" count="3" type="stmt"/>
        <line num="197" count="15" type="stmt"/>
        <line num="202" count="9" type="stmt"/>
        <line num="205" count="30" type="cond" truecount="3" falsecount="0"/>
        <line num="209" count="58" type="stmt"/>
        <line num="213" count="3" type="cond" truecount="7" falsecount="0"/>
        <line num="214" count="1" type="stmt"/>
        <line num="216" count="2" type="stmt"/>
        <line num="233" count="25" type="cond" truecount="4" falsecount="0"/>
        <line num="234" count="20" type="cond" truecount="6" falsecount="1"/>
        <line num="236" count="5" type="cond" truecount="2" falsecount="0"/>
        <line num="237" count="4" type="cond" truecount="2" falsecount="0"/>
        <line num="239" count="2" type="cond" truecount="2" falsecount="0"/>
        <line num="240" count="3" type="stmt"/>
        <line num="241" count="1" type="stmt"/>
        <line num="244" count="5" type="cond" truecount="2" falsecount="0"/>
        <line num="245" count="4" type="stmt"/>
        <line num="257" count="3" type="cond" truecount="5" falsecount="0"/>
        <line num="258" count="2" type="stmt"/>
        <line num="260" count="2" type="cond" truecount="4" falsecount="0"/>
        <line num="261" count="1" type="stmt"/>
        <line num="263" count="3" type="cond" truecount="2" falsecount="0"/>
        <line num="264" count="2" type="stmt"/>
        <line num="266" count="0" type="stmt"/>
      </file>
      <file name="api.ts" path="/Users/wangzhenyu/Desktop/ALLProject/ToIV/Mobile/src/lib/api.ts">
        <metrics statements="202" coveredstatements="185" conditionals="202" coveredconditionals="170" methods="68" coveredmethods="67"/>
        <line num="61" count="6" type="stmt"/>
        <line num="64" count="6" type="stmt"/>
        <line num="66" count="6" type="stmt"/>
        <line num="68" count="6" type="stmt"/>
        <line num="74" count="6" type="stmt"/>
        <line num="78" count="44" type="stmt"/>
        <line num="82" count="184" type="stmt"/>
        <line num="83" count="184" type="stmt"/>
        <line num="87" count="214" type="stmt"/>
        <line num="88" count="214" type="cond" truecount="2" falsecount="0"/>
        <line num="89" count="38" type="stmt"/>
        <line num="97" count="7" type="cond" truecount="2" falsecount="0"/>
        <line num="98" count="6" type="cond" truecount="4" falsecount="0"/>
        <line num="99" count="6" type="cond" truecount="2" falsecount="0"/>
        <line num="100" count="5" type="cond" truecount="2" falsecount="0"/>
        <line num="108" count="64" type="stmt"/>
        <line num="109" count="64" type="stmt"/>
        <line num="115" count="42" type="cond" truecount="2" falsecount="0"/>
        <line num="116" count="39" type="cond" truecount="2" falsecount="0"/>
        <line num="117" count="36" type="cond" truecount="2" falsecount="0"/>
        <line num="118" count="27" type="cond" truecount="2" falsecount="0"/>
        <line num="119" count="26" type="cond" truecount="2" falsecount="0"/>
        <line num="120" count="21" type="cond" truecount="2" falsecount="0"/>
        <line num="128" count="42" type="stmt"/>
        <line num="129" count="42" type="stmt"/>
        <line num="130" count="41" type="cond" truecount="2" falsecount="0"/>
        <line num="131" count="3" type="cond" truecount="1" falsecount="1"/>
        <line num="133" count="38" type="cond" truecount="2" falsecount="0"/>
        <line num="134" count="4" type="cond" truecount="2" falsecount="0"/>
        <line num="136" count="1" type="stmt"/>
        <line num="156" count="144" type="cond" truecount="2" falsecount="0"/>
        <line num="157" count="144" type="stmt"/>
        <line num="158" count="144" type="cond" truecount="2" falsecount="0"/>
        <line num="160" count="144" type="stmt"/>
        <line num="161" count="144" type="stmt"/>
        <line num="162" count="144" type="cond" truecount="2" falsecount="0"/>
        <line num="163" count="144" type="cond" truecount="4" falsecount="0"/>
        <line num="164" count="144" type="cond" truecount="4" falsecount="0"/>
        <line num="166" count="144" type="stmt"/>
        <line num="167" count="144" type="stmt"/>
        <line num="168" count="12" type="stmt"/>
        <line num="171" count="144" type="cond" truecount="2" falsecount="0"/>
        <line num="172" count="1" type="cond" truecount="1" falsecount="1"/>
        <line num="173" count="0" type="stmt"/>
        <line num="177" count="144" type="stmt"/>
        <line num="178" count="144" type="stmt"/>
        <line num="185" count="16" type="cond" truecount="4" falsecount="0"/>
        <line num="186" count="12" type="stmt"/>
        <line num="188" count="4" type="stmt"/>
        <line num="190" count="144" type="stmt"/>
        <line num="193" count="128" type="cond" truecount="2" falsecount="0"/>
        <line num="194" count="40" type="stmt"/>
        <line num="197" count="88" type="cond" truecount="2" falsecount="0"/>
        <line num="198" count="86" type="stmt"/>
        <line num="206" count="3" type="stmt"/>
        <line num="210" count="3" type="cond" truecount="4" falsecount="0"/>
        <line num="211" count="1" type="stmt"/>
        <line num="213" count="2" type="stmt"/>
        <line num="214" count="2" type="stmt"/>
        <line num="218" count="3" type="stmt"/>
        <line num="226" count="5" type="stmt"/>
        <line num="236" count="2" type="stmt"/>
        <line num="237" count="2" type="cond" truecount="2" falsecount="0"/>
        <line num="245" count="1" type="stmt"/>
        <line num="262" count="2" type="cond" truecount="1" falsecount="3"/>
        <line num="264" count="0" type="stmt"/>
        <line num="266" count="2" type="stmt"/>
        <line num="268" count="0" type="stmt"/>
        <line num="270" count="0" type="stmt"/>
        <line num="286" count="6" type="cond" truecount="2" falsecount="0"/>
        <line num="287" count="6" type="stmt"/>
        <line num="289" count="6" type="stmt"/>
        <line num="294" count="6" type="cond" truecount="2" falsecount="0"/>
        <line num="295" count="6" type="stmt"/>
        <line num="307" count="2" type="stmt"/>
        <line num="326" count="17" type="cond" truecount="10" falsecount="0"/>
        <line num="328" count="1" type="stmt"/>
        <line num="330" count="1" type="stmt"/>
        <line num="333" count="2" type="stmt"/>
        <line num="335" count="1" type="stmt"/>
        <line num="337" count="1" type="stmt"/>
        <line num="341" count="3" type="stmt"/>
        <line num="343" count="8" type="stmt"/>
        <line num="356" count="2" type="cond" truecount="1" falsecount="2"/>
        <line num="358" count="2" type="stmt"/>
        <line num="360" count="0" type="stmt"/>
        <line num="362" count="0" type="stmt"/>
        <line num="377" count="3" type="cond" truecount="2" falsecount="0"/>
        <line num="378" count="3" type="stmt"/>
        <line num="380" count="3" type="stmt"/>
        <line num="385" count="3" type="cond" truecount="2" falsecount="0"/>
        <line num="386" count="3" type="stmt"/>
        <line num="402" count="1" type="cond" truecount="2" falsecount="6"/>
        <line num="406" count="0" type="stmt"/>
        <line num="409" count="1" type="stmt"/>
        <line num="411" count="0" type="stmt"/>
        <line num="413" count="0" type="stmt"/>
        <line num="415" count="0" type="stmt"/>
        <line num="430" count="3" type="cond" truecount="2" falsecount="0"/>
        <line num="431" count="3" type="stmt"/>
        <line num="433" count="3" type="stmt"/>
        <line num="438" count="3" type="cond" truecount="2" falsecount="0"/>
        <line num="439" count="3" type="stmt"/>
        <line num="458" count="8" type="cond" truecount="1" falsecount="1"/>
        <line num="460" count="8" type="cond" truecount="2" falsecount="0"/>
        <line num="462" count="8" type="stmt"/>
        <line num="464" count="8" type="stmt"/>
        <line num="469" count="8" type="stmt"/>
        <line num="474" count="6" type="cond" truecount="2" falsecount="0"/>
        <line num="490" count="6" type="stmt"/>
        <line num="494" count="4" type="cond" truecount="2" falsecount="0"/>
        <line num="502" count="3" type="stmt"/>
        <line num="514" count="1" type="stmt"/>
        <line num="526" count="1" type="stmt"/>
        <line num="538" count="2" type="stmt"/>
        <line num="552" count="4" type="stmt"/>
        <line num="564" count="2" type="stmt"/>
        <line num="576" count="2" type="stmt"/>
        <line num="588" count="2" type="stmt"/>
        <line num="602" count="2" type="stmt"/>
        <line num="614" count="2" type="stmt"/>
        <line num="629" count="3" type="stmt"/>
        <line num="641" count="2" type="stmt"/>
        <line num="653" count="2" type="stmt"/>
        <line num="670" count="3" type="stmt"/>
        <line num="684" count="6" type="cond" truecount="4" falsecount="0"/>
        <line num="685" count="6" type="cond" truecount="5" falsecount="1"/>
        <line num="686" count="6" type="stmt"/>
        <line num="691" count="2" type="stmt"/>
        <line num="699" count="3" type="stmt"/>
        <line num="707" count="2" type="stmt"/>
        <line num="717" count="2" type="cond" truecount="2" falsecount="0"/>
        <line num="718" count="2" type="stmt"/>
        <line num="723" count="2" type="stmt"/>
        <line num="728" count="2" type="stmt"/>
        <line num="733" count="1" type="stmt"/>
        <line num="741" count="1" type="stmt"/>
        <line num="750" count="1" type="stmt"/>
        <line num="776" count="13" type="stmt"/>
        <line num="777" count="13" type="stmt"/>
        <line num="781" count="13" type="stmt"/>
        <line num="782" count="13" type="cond" truecount="1" falsecount="1"/>
        <line num="783" count="13" type="cond" truecount="2" falsecount="0"/>
        <line num="786" count="13" type="stmt"/>
        <line num="787" count="13" type="stmt"/>
        <line num="802" count="2" type="cond" truecount="2" falsecount="0"/>
        <line num="803" count="1" type="stmt"/>
        <line num="806" count="11" type="cond" truecount="2" falsecount="0"/>
        <line num="807" count="1" type="stmt"/>
        <line num="810" count="10" type="cond" truecount="1" falsecount="1"/>
        <line num="811" count="10" type="cond" truecount="2" falsecount="0"/>
        <line num="813" count="1" type="stmt"/>
        <line num="816" count="9" type="stmt"/>
        <line num="817" count="9" type="stmt"/>
        <line num="820" count="14" type="cond" truecount="2" falsecount="0"/>
        <line num="821" count="5" type="stmt"/>
        <line num="822" count="5" type="stmt"/>
        <line num="830" count="0" type="cond" truecount="0" falsecount="2"/>
        <line num="831" count="0" type="cond" truecount="0" falsecount="2"/>
        <line num="833" count="9" type="stmt"/>
        <line num="841" count="1" type="stmt"/>
        <line num="849" count="2" type="stmt"/>
        <line num="854" count="1" type="stmt"/>
        <line num="867" count="4" type="stmt"/>
        <line num="887" count="1" type="cond" truecount="1" falsecount="3"/>
        <line num="889" count="0" type="stmt"/>
        <line num="891" count="1" type="stmt"/>
        <line num="893" count="0" type="stmt"/>
        <line num="895" count="0" type="stmt"/>
        <line num="901" count="1" type="stmt"/>
        <line num="911" count="5" type="cond" truecount="2" falsecount="0"/>
        <line num="912" count="5" type="stmt"/>
        <line num="914" count="5" type="stmt"/>
        <line num="919" count="5" type="stmt"/>
        <line num="928" count="2" type="stmt"/>
        <line num="938" count="2" type="cond" truecount="2" falsecount="0"/>
        <line num="939" count="2" type="stmt"/>
        <line num="944" count="1" type="stmt"/>
        <line num="949" count="2" type="stmt"/>
        <line num="966" count="3" type="stmt"/>
        <line num="984" count="5" type="stmt"/>
        <line num="1003" count="4" type="stmt"/>
        <line num="1016" count="3" type="stmt"/>
        <line num="1034" count="8" type="stmt"/>
        <line num="1035" count="8" type="cond" truecount="2" falsecount="0"/>
        <line num="1036" count="8" type="stmt"/>
        <line num="1037" count="8" type="cond" truecount="2" falsecount="0"/>
        <line num="1040" count="8" type="stmt"/>
        <line num="1041" count="8" type="stmt"/>
        <line num="1047" count="2" type="cond" truecount="2" falsecount="0"/>
        <line num="1048" count="1" type="stmt"/>
        <line num="1051" count="6" type="cond" truecount="2" falsecount="0"/>
        <line num="1052" count="1" type="stmt"/>
        <line num="1054" count="5" type="cond" truecount="2" falsecount="0"/>
        <line num="1056" count="1" type="stmt"/>
        <line num="1059" count="4" type="stmt"/>
        <line num="1060" count="4" type="stmt"/>
        <line num="1063" count="7" type="stmt"/>
        <line num="1064" count="7" type="stmt"/>
        <line num="1065" count="6" type="cond" truecount="2" falsecount="0"/>
        <line num="1073" count="0" type="cond" truecount="0" falsecount="2"/>
        <line num="1074" count="0" type="cond" truecount="0" falsecount="2"/>
      </file>
      <file name="config.ts" path="/Users/wangzhenyu/Desktop/ALLProject/ToIV/Mobile/src/lib/config.ts">
        <metrics statements="11" coveredstatements="11" conditionals="11" coveredconditionals="11" methods="3" coveredmethods="3"/>
        <line num="7" count="15" type="stmt"/>
        <line num="9" count="15" type="stmt"/>
        <line num="13" count="20" type="cond" truecount="4" falsecount="0"/>
        <line num="17" count="3" type="stmt"/>
        <line num="19" count="3" type="cond" truecount="3" falsecount="0"/>
        <line num="27" count="4" type="cond" truecount="2" falsecount="0"/>
        <line num="28" count="3" type="stmt"/>
        <line num="29" count="3" type="cond" truecount="2" falsecount="0"/>
        <line num="30" count="2" type="stmt"/>
        <line num="31" count="2" type="stmt"/>
        <line num="33" count="1" type="stmt"/>
      </file>
      <file name="doc-utils.ts" path="/Users/wangzhenyu/Desktop/ALLProject/ToIV/Mobile/src/lib/doc-utils.ts">
        <metrics statements="8" coveredstatements="8" conditionals="8" coveredconditionals="8" methods="2" coveredmethods="2"/>
        <line num="11" count="27" type="cond" truecount="4" falsecount="0"/>
        <line num="13" count="19" type="stmt"/>
        <line num="15" count="1" type="stmt"/>
        <line num="17" count="5" type="stmt"/>
        <line num="19" count="2" type="stmt"/>
        <line num="25" count="31" type="cond" truecount="2" falsecount="0"/>
        <line num="26" count="24" type="cond" truecount="2" falsecount="0"/>
        <line num="27" count="3" type="stmt"/>
      </file>
      <file name="format.ts" path="/Users/wangzhenyu/Desktop/ALLProject/ToIV/Mobile/src/lib/format.ts">
        <metrics statements="10" coveredstatements="10" conditionals="9" coveredconditionals="9" methods="1" coveredmethods="1"/>
        <line num="7" count="261" type="stmt"/>
        <line num="8" count="261" type="cond" truecount="2" falsecount="0"/>
        <line num="9" count="260" type="stmt"/>
        <line num="10" count="260" type="stmt"/>
        <line num="11" count="260" type="cond" truecount="2" falsecount="0"/>
        <line num="12" count="171" type="cond" truecount="2" falsecount="0"/>
        <line num="13" count="13" type="stmt"/>
        <line num="14" count="13" type="cond" truecount="2" falsecount="0"/>
        <line num="15" count="12" type="stmt"/>
        <line num="16" count="12" type="stmt"/>
      </file>
      <file name="job-events.ts" path="/Users/wangzhenyu/Desktop/ALLProject/ToIV/Mobile/src/lib/job-events.ts">
        <metrics statements="117" coveredstatements="114" conditionals="71" coveredconditionals="63" methods="10" coveredmethods="9"/>
        <line num="72" count="4" type="stmt"/>
        <line num="73" count="4" type="stmt"/>
        <line num="74" count="4" type="stmt"/>
        <line num="75" count="4" type="stmt"/>
        <line num="77" count="4" type="stmt"/>
        <line num="78" count="0" type="stmt"/>
        <line num="79" count="0" type="stmt"/>
        <line num="81" count="4" type="stmt"/>
        <line num="90" count="14" type="stmt"/>
        <line num="91" count="14" type="cond" truecount="2" falsecount="0"/>
        <line num="92" count="14" type="cond" truecount="2" falsecount="0"/>
        <line num="93" count="14" type="cond" truecount="2" falsecount="0"/>
        <line num="94" count="14" type="cond" truecount="2" falsecount="0"/>
        <line num="96" count="14" type="stmt"/>
        <line num="97" count="14" type="cond" truecount="1" falsecount="1"/>
        <line num="98" count="14" type="stmt"/>
        <line num="99" count="14" type="stmt"/>
        <line num="100" count="14" type="cond" truecount="1" falsecount="1"/>
        <line num="102" count="14" type="stmt"/>
        <line num="103" count="14" type="stmt"/>
        <line num="105" count="14" type="stmt"/>
        <line num="106" count="14" type="stmt"/>
        <line num="108" count="14" type="stmt"/>
        <line num="110" count="14" type="stmt"/>
        <line num="111" count="14" type="stmt"/>
        <line num="112" count="14" type="stmt"/>
        <line num="113" count="14" type="stmt"/>
        <line num="114" count="14" type="stmt"/>
        <line num="115" count="14" type="stmt"/>
        <line num="117" count="14" type="stmt"/>
        <line num="118" count="72" type="cond" truecount="2" falsecount="0"/>
        <line num="119" count="38" type="stmt"/>
        <line num="120" count="38" type="stmt"/>
        <line num="124" count="14" type="stmt"/>
        <line num="125" count="38" type="stmt"/>
        <line num="126" count="38" type="stmt"/>
        <line num="127" count="6" type="stmt"/>
        <line num="128" count="6" type="stmt"/>
        <line num="133" count="14" type="stmt"/>
        <line num="134" count="18" type="cond" truecount="5" falsecount="1"/>
        <line num="135" count="0" type="stmt"/>
        <line num="136" count="18" type="stmt"/>
        <line num="137" count="18" type="stmt"/>
        <line num="138" count="18" type="cond" truecount="2" falsecount="0"/>
        <line num="139" count="8" type="cond" truecount="4" falsecount="0"/>
        <line num="140" count="7" type="stmt"/>
        <line num="141" count="6" type="cond" truecount="4" falsecount="0"/>
        <line num="142" count="5" type="stmt"/>
        <line num="143" count="5" type="cond" truecount="1" falsecount="1"/>
        <line num="144" count="5" type="stmt"/>
        <line num="150" count="6" type="stmt"/>
        <line num="152" count="10" type="cond" truecount="2" falsecount="0"/>
        <line num="153" count="3" type="cond" truecount="4" falsecount="0"/>
        <line num="154" count="2" type="stmt"/>
        <line num="155" count="2" type="stmt"/>
        <line num="156" count="2" type="stmt"/>
        <line num="157" count="2" type="stmt"/>
        <line num="159" count="7" type="cond" truecount="2" falsecount="0"/>
        <line num="160" count="6" type="stmt"/>
        <line num="161" count="6" type="cond" truecount="1" falsecount="1"/>
        <line num="162" count="6" type="stmt"/>
        <line num="163" count="6" type="stmt"/>
        <line num="164" count="6" type="stmt"/>
        <line num="165" count="6" type="stmt"/>
        <line num="166" count="6" type="stmt"/>
        <line num="169" count="1" type="stmt"/>
        <line num="170" count="1" type="stmt"/>
        <line num="171" count="1" type="stmt"/>
        <line num="172" count="1" type="cond" truecount="3" falsecount="1"/>
        <line num="176" count="1" type="stmt"/>
        <line num="177" count="1" type="stmt"/>
        <line num="178" count="1" type="stmt"/>
        <line num="179" count="1" type="stmt"/>
        <line num="185" count="14" type="stmt"/>
        <line num="186" count="21" type="cond" truecount="2" falsecount="0"/>
        <line num="187" count="20" type="stmt"/>
        <line num="188" count="20" type="stmt"/>
        <line num="189" count="20" type="stmt"/>
        <line num="190" count="20" type="stmt"/>
        <line num="191" count="20" type="stmt"/>
        <line num="192" count="20" type="stmt"/>
        <line num="193" count="20" type="stmt"/>
        <line num="195" count="20" type="stmt"/>
        <line num="196" count="20" type="stmt"/>
        <line num="197" count="17" type="cond" truecount="2" falsecount="0"/>
        <line num="199" count="5" type="cond" truecount="4" falsecount="0"/>
        <line num="200" count="2" type="stmt"/>
        <line num="201" count="2" type="stmt"/>
        <line num="202" count="2" type="stmt"/>
        <line num="203" count="2" type="stmt"/>
        <line num="205" count="3" type="stmt"/>
        <line num="207" count="12" type="cond" truecount="1" falsecount="1"/>
        <line num="209" count="12" type="stmt"/>
        <line num="210" count="12" type="stmt"/>
        <line num="211" count="12" type="cond" truecount="2" falsecount="0"/>
        <line num="212" count="12" type="stmt"/>
        <line num="213" count="12" type="stmt"/>
        <line num="214" count="12" type="cond" truecount="2" falsecount="0"/>
        <line num="216" count="11" type="cond" truecount="1" falsecount="1"/>
        <line num="217" count="11" type="cond" truecount="2" falsecount="0"/>
        <line num="218" count="2" type="stmt"/>
        <line num="219" count="2" type="stmt"/>
        <line num="220" count="2" type="stmt"/>
        <line num="223" count="9" type="cond" truecount="2" falsecount="0"/>
        <line num="224" count="9" type="stmt"/>
        <line num="225" count="9" type="cond" truecount="2" falsecount="0"/>
        <line num="226" count="6" type="stmt"/>
        <line num="227" count="6" type="cond" truecount="2" falsecount="0"/>
        <line num="228" count="2" type="stmt"/>
        <line num="229" count="2" type="stmt"/>
        <line num="230" count="2" type="stmt"/>
        <line num="232" count="4" type="stmt"/>
        <line num="235" count="20" type="stmt"/>
        <line num="236" count="20" type="stmt"/>
        <line num="237" count="20" type="stmt"/>
        <line num="240" count="14" type="stmt"/>
        <line num="241" count="14" type="stmt"/>
      </file>
      <file name="media.ts" path="/Users/wangzhenyu/Desktop/ALLProject/ToIV/Mobile/src/lib/media.ts">
        <metrics statements="11" coveredstatements="11" conditionals="4" coveredconditionals="3" methods="2" coveredmethods="2"/>
        <line num="19" count="5" type="cond" truecount="1" falsecount="1"/>
        <line num="24" count="5" type="stmt"/>
        <line num="26" count="5" type="stmt"/>
        <line num="27" count="5" type="stmt"/>
        <line num="29" count="2" type="stmt"/>
        <line num="32" count="3" type="stmt"/>
        <line num="41" count="3" type="stmt"/>
        <line num="43" count="2" type="stmt"/>
        <line num="44" count="2" type="cond" truecount="2" falsecount="0"/>
        <line num="45" count="1" type="stmt"/>
        <line num="48" count="1" type="stmt"/>
      </file>
      <file name="media.web.ts" path="/Users/wangzhenyu/Desktop/ALLProject/ToIV/Mobile/src/lib/media.web.ts">
        <metrics statements="2" coveredstatements="2" conditionals="0" coveredconditionals="0" methods="2" coveredmethods="2"/>
        <line num="14" count="1" type="stmt"/>
        <line num="22" count="1" type="stmt"/>
      </file>
      <file name="mmkv.ts" path="/Users/wangzhenyu/Desktop/ALLProject/ToIV/Mobile/src/lib/mmkv.ts">
        <metrics statements="5" coveredstatements="4" conditionals="2" coveredconditionals="2" methods="3" coveredmethods="2"/>
        <line num="8" count="23" type="stmt"/>
        <line num="11" count="23" type="stmt"/>
        <line num="12" count="19" type="cond" truecount="2" falsecount="0"/>
        <line num="14" count="46" type="stmt"/>
        <line num="17" count="0" type="stmt"/>
      </file>
      <file name="poll.ts" path="/Users/wangzhenyu/Desktop/ALLProject/ToIV/Mobile/src/lib/poll.ts">
        <metrics statements="32" coveredstatements="30" conditionals="15" coveredconditionals="11" methods="7" coveredmethods="6"/>
        <line num="20" count="1" type="stmt"/>
        <line num="24" count="1" type="stmt"/>
        <line num="25" count="1" type="stmt"/>
        <line num="30" count="4" type="stmt"/>
        <line num="37" count="9" type="stmt"/>
        <line num="38" count="9" type="cond" truecount="2" falsecount="0"/>
        <line num="39" count="1" type="stmt"/>
        <line num="40" count="1" type="stmt"/>
        <line num="42" count="8" type="stmt"/>
        <line num="43" count="8" type="stmt"/>
        <line num="44" count="8" type="stmt"/>
        <line num="46" count="8" type="stmt"/>
        <line num="47" count="0" type="stmt"/>
        <line num="48" count="0" type="stmt"/>
        <line num="50" count="8" type="stmt"/>
        <line num="62" count="5" type="stmt"/>
        <line num="64" count="5" type="stmt"/>
        <line num="65" count="5" type="stmt"/>
        <line num="67" count="5" type="stmt"/>
        <line num="68" count="13" type="cond" truecount="1" falsecount="1"/>
        <line num="70" count="13" type="stmt"/>
        <line num="71" count="13" type="stmt"/>
        <line num="72" count="9" type="stmt"/>
        <line num="73" count="9" type="stmt"/>
        <line num="74" count="9" type="cond" truecount="2" falsecount="0"/>
        <line num="76" count="4" type="cond" truecount="1" falsecount="1"/>
        <line num="77" count="4" type="stmt"/>
        <line num="78" count="4" type="stmt"/>
        <line num="79" count="4" type="cond" truecount="2" falsecount="0"/>
        <line num="82" count="9" type="stmt"/>
        <line num="83" count="9" type="stmt"/>
        <line num="84" count="9" type="stmt"/>
      </file>
      <file name="sse.ts" path="/Users/wangzhenyu/Desktop/ALLProject/ToIV/Mobile/src/lib/sse.ts">
        <metrics statements="37" coveredstatements="37" conditionals="26" coveredconditionals="21" methods="4" coveredmethods="4"/>
        <line num="25" count="37" type="stmt"/>
        <line num="26" count="37" type="stmt"/>
        <line num="27" count="37" type="stmt"/>
        <line num="28" count="37" type="stmt"/>
        <line num="30" count="37" type="stmt"/>
        <line num="32" count="56" type="cond" truecount="2" falsecount="0"/>
        <line num="33" count="56" type="stmt"/>
        <line num="34" count="56" type="stmt"/>
        <line num="37" count="37" type="stmt"/>
        <line num="38" count="163" type="cond" truecount="2" falsecount="0"/>
        <line num="39" count="56" type="stmt"/>
        <line num="40" count="56" type="stmt"/>
        <line num="42" count="107" type="cond" truecount="2" falsecount="0"/>
        <line num="43" count="106" type="stmt"/>
        <line num="44" count="106" type="cond" truecount="1" falsecount="1"/>
        <line num="45" count="106" type="cond" truecount="1" falsecount="1"/>
        <line num="46" count="106" type="cond" truecount="1" falsecount="1"/>
        <line num="47" count="106" type="cond" truecount="2" falsecount="0"/>
        <line num="48" count="55" type="cond" truecount="1" falsecount="1"/>
        <line num="52" count="37" type="cond" truecount="2" falsecount="0"/>
        <line num="53" count="1" type="stmt"/>
        <line num="54" count="1" type="stmt"/>
        <line num="56" count="36" type="stmt"/>
        <line num="57" count="13" type="stmt"/>
        <line num="59" count="36" type="stmt"/>
        <line num="61" count="36" type="stmt"/>
        <line num="62" count="36" type="stmt"/>
        <line num="63" count="69" type="stmt"/>
        <line num="64" count="69" type="cond" truecount="2" falsecount="0"/>
        <line num="65" count="41" type="stmt"/>
        <line num="66" count="41" type="stmt"/>
        <line num="67" count="41" type="cond" truecount="1" falsecount="1"/>
        <line num="68" count="162" type="stmt"/>
        <line num="69" count="41" type="cond" truecount="2" falsecount="0"/>
        <line num="72" count="28" type="stmt"/>
        <line num="73" count="28" type="cond" truecount="2" falsecount="0"/>
        <line num="75" count="36" type="stmt"/>
      </file>
    </package>
    <package name="stores">
      <metrics statements="51" coveredstatements="50" conditionals="16" coveredconditionals="16" methods="19" coveredmethods="19"/>
      <file name="auth.ts" path="/Users/wangzhenyu/Desktop/ALLProject/ToIV/Mobile/src/stores/auth.ts">
        <metrics statements="32" coveredstatements="31" conditionals="12" coveredconditionals="12" methods="6" coveredmethods="6"/>
        <line num="14" count="2" type="stmt"/>
        <line num="28" count="2" type="stmt"/>
        <line num="29" count="2" type="cond" truecount="2" falsecount="0"/>
        <line num="30" count="1" type="stmt"/>
        <line num="31" count="1" type="stmt"/>
        <line num="34" count="0" type="stmt"/>
        <line num="39" count="6" type="cond" truecount="2" falsecount="0"/>
        <line num="40" count="4" type="stmt"/>
        <line num="43" count="2" type="stmt"/>
        <line num="48" count="5" type="stmt"/>
        <line num="49" count="5" type="cond" truecount="2" falsecount="0"/>
        <line num="50" count="1" type="stmt"/>
        <line num="51" count="1" type="stmt"/>
        <line num="53" count="4" type="stmt"/>
        <line num="54" count="4" type="stmt"/>
        <line num="55" count="1" type="stmt"/>
        <line num="56" count="1" type="stmt"/>
        <line num="58" count="3" type="cond" truecount="4" falsecount="0"/>
        <line num="60" count="1" type="stmt"/>
        <line num="61" count="1" type="stmt"/>
        <line num="62" count="1" type="stmt"/>
        <line num="63" count="1" type="stmt"/>
        <line num="66" count="2" type="stmt"/>
        <line num="67" count="2" type="cond" truecount="2" falsecount="0"/>
        <line num="68" count="1" type="stmt"/>
        <line num="73" count="1" type="stmt"/>
        <line num="74" count="1" type="stmt"/>
        <line num="75" count="1" type="stmt"/>
        <line num="79" count="3" type="stmt"/>
        <line num="80" count="3" type="stmt"/>
        <line num="81" count="3" type="stmt"/>
        <line num="82" count="3" type="stmt"/>
      </file>
      <file name="generation-draft.ts" path="/Users/wangzhenyu/Desktop/ALLProject/ToIV/Mobile/src/stores/generation-draft.ts">
        <metrics statements="5" coveredstatements="5" conditionals="2" coveredconditionals="2" methods="3" coveredmethods="3"/>
        <line num="20" count="6" type="stmt"/>
        <line num="22" count="5" type="stmt"/>
        <line num="24" count="61" type="stmt"/>
        <line num="25" count="61" type="cond" truecount="2" falsecount="0"/>
        <line num="26" count="61" type="stmt"/>
      </file>
      <file name="settings.ts" path="/Users/wangzhenyu/Desktop/ALLProject/ToIV/Mobile/src/stores/settings.ts">
        <metrics statements="14" coveredstatements="14" conditionals="2" coveredconditionals="2" methods="10" coveredmethods="10"/>
        <line num="33" count="23" type="stmt"/>
        <line num="34" count="22" type="stmt"/>
        <line num="37" count="19" type="stmt"/>
        <line num="39" count="19" type="stmt"/>
        <line num="44" count="2" type="stmt"/>
        <line num="45" count="2" type="stmt"/>
        <line num="47" count="2" type="stmt"/>
        <line num="48" count="2" type="stmt"/>
        <line num="51" count="1" type="stmt"/>
        <line num="52" count="1" type="stmt"/>
        <line num="57" count="19" type="stmt"/>
        <line num="58" count="46" type="stmt"/>
        <line num="64" count="20" type="stmt"/>
        <line num="66" count="33" type="cond" truecount="2" falsecount="0"/>
      </file>
    </package>
  </project>
</coverage>
