{"/Users/wangzhenyu/Desktop/ALLProject/ToIV/Mobile/src/lib/agent-run.ts": {"path":"/Users/wangzhenyu/Desktop/ALLProject/ToIV/Mobile/src/lib/agent-run.ts","statementMap":{"0":{"start":{"line":22,"column":62},"end":{"line":30,"column":1}},"1":{"start":{"line":33,"column":2},"end":{"line":33,"column":79}},"2":{"start":{"line":37,"column":28},"end":{"line":37,"column":66}},"3":{"start":{"line":47,"column":64},"end":{"line":56,"column":1}},"4":{"start":{"line":59,"column":2},"end":{"line":59,"column":80}},"5":{"start":{"line":63,"column":55},"end":{"line":72,"column":1}},"6":{"start":{"line":75,"column":2},"end":{"line":75,"column":39}},"7":{"start":{"line":92,"column":2},"end":{"line":92,"column":88}},"8":{"start":{"line":92,"column":45},"end":{"line":92,"column":88}},"9":{"start":{"line":93,"column":15},"end":{"line":99,"column":3}},"10":{"start":{"line":94,"column":4},"end":{"line":97,"column":5}},"11":{"start":{"line":95,"column":16},"end":{"line":95,"column":25}},"12":{"start":{"line":96,"column":6},"end":{"line":96,"column":47}},"13":{"start":{"line":96,"column":38},"end":{"line":96,"column":47}},"14":{"start":{"line":98,"column":4},"end":{"line":98,"column":14}},"15":{"start":{"line":100,"column":16},"end":{"line":100,"column":42}},"16":{"start":{"line":101,"column":2},"end":{"line":101,"column":60}},"17":{"start":{"line":101,"column":13},"end":{"line":101,"column":60}},"18":{"start":{"line":102,"column":16},"end":{"line":102,"column":55}},"19":{"start":{"line":103,"column":2},"end":{"line":103,"column":60}},"20":{"start":{"line":103,"column":13},"end":{"line":103,"column":60}},"21":{"start":{"line":104,"column":16},"end":{"line":104,"column":55}},"22":{"start":{"line":105,"column":2},"end":{"line":105,"column":60}},"23":{"start":{"line":105,"column":13},"end":{"line":105,"column":60}},"24":{"start":{"line":106,"column":14},"end":{"line":106,"column":25}},"25":{"start":{"line":107,"column":2},"end":{"line":112,"column":3}},"26":{"start":{"line":109,"column":4},"end":{"line":109,"column":90}},"27":{"start":{"line":109,"column":45},"end":{"line":109,"column":90}},"28":{"start":{"line":110,"column":4},"end":{"line":110,"column":98}},"29":{"start":{"line":110,"column":53},"end":{"line":110,"column":98}},"30":{"start":{"line":111,"column":4},"end":{"line":111,"column":49}},"31":{"start":{"line":113,"column":15},"end":{"line":113,"column":26}},"32":{"start":{"line":114,"column":2},"end":{"line":116,"column":3}},"33":{"start":{"line":115,"column":4},"end":{"line":115,"column":46}},"34":{"start":{"line":117,"column":15},"end":{"line":117,"column":48}},"35":{"start":{"line":118,"column":2},"end":{"line":118,"column":51}},"36":{"start":{"line":118,"column":12},"end":{"line":118,"column":51}},"37":{"start":{"line":119,"column":2},"end":{"line":119,"column":45}},"38":{"start":{"line":130,"column":2},"end":{"line":135,"column":3}},"39":{"start":{"line":131,"column":4},"end":{"line":134,"column":5}},"40":{"start":{"line":132,"column":16},"end":{"line":132,"column":24}},"41":{"start":{"line":133,"column":6},"end":{"line":133,"column":61}},"42":{"start":{"line":133,"column":33},"end":{"line":133,"column":61}},"43":{"start":{"line":136,"column":2},"end":{"line":136,"column":38}},"44":{"start":{"line":141,"column":12},"end":{"line":141,"column":36}},"45":{"start":{"line":142,"column":2},"end":{"line":142,"column":70}},"46":{"start":{"line":159,"column":43},"end":{"line":159,"column":80}},"47":{"start":{"line":174,"column":33},"end":{"line":174,"column":35}},"48":{"start":{"line":175,"column":2},"end":{"line":188,"column":3}},"49":{"start":{"line":176,"column":4},"end":{"line":179,"column":5}},"50":{"start":{"line":177,"column":6},"end":{"line":177,"column":47}},"51":{"start":{"line":178,"column":6},"end":{"line":178,"column":15}},"52":{"start":{"line":180,"column":14},"end":{"line":180,"column":31}},"53":{"start":{"line":181,"column":4},"end":{"line":181,"column":21}},"54":{"start":{"line":181,"column":12},"end":{"line":181,"column":21}},"55":{"start":{"line":182,"column":32},"end":{"line":182,"column":62}},"56":{"start":{"line":183,"column":4},"end":{"line":183,"column":50}},"57":{"start":{"line":183,"column":31},"end":{"line":183,"column":50}},"58":{"start":{"line":184,"column":4},"end":{"line":186,"column":5}},"59":{"start":{"line":185,"column":6},"end":{"line":185,"column":92}},"60":{"start":{"line":187,"column":4},"end":{"line":187,"column":17}},"61":{"start":{"line":189,"column":2},"end":{"line":196,"column":3}},"62":{"start":{"line":190,"column":4},"end":{"line":195,"column":7}},"63":{"start":{"line":197,"column":2},"end":{"line":197,"column":13}},"64":{"start":{"line":202,"column":20},"end":{"line":202,"column":99}},"65":{"start":{"line":205,"column":2},"end":{"line":205,"column":59}},"66":{"start":{"line":209,"column":2},"end":{"line":209,"column":31}},"67":{"start":{"line":213,"column":2},"end":{"line":215,"column":3}},"68":{"start":{"line":214,"column":4},"end":{"line":214,"column":16}},"69":{"start":{"line":216,"column":2},"end":{"line":222,"column":4}},"70":{"start":{"line":233,"column":2},"end":{"line":233,"column":61}},"71":{"start":{"line":233,"column":49},"end":{"line":233,"column":61}},"72":{"start":{"line":234,"column":2},"end":{"line":267,"column":3}},"73":{"start":{"line":236,"column":6},"end":{"line":236,"column":41}},"74":{"start":{"line":236,"column":29},"end":{"line":236,"column":41}},"75":{"start":{"line":237,"column":6},"end":{"line":237,"column":91}},"76":{"start":{"line":239,"column":6},"end":{"line":239,"column":49}},"77":{"start":{"line":239,"column":37},"end":{"line":239,"column":49}},"78":{"start":{"line":240,"column":20},"end":{"line":240,"column":92}},"79":{"start":{"line":240,"column":81},"end":{"line":240,"column":91}},"80":{"start":{"line":241,"column":6},"end":{"line":241,"column":37}},"81":{"start":{"line":244,"column":6},"end":{"line":244,"column":40}},"82":{"start":{"line":244,"column":28},"end":{"line":244,"column":40}},"83":{"start":{"line":245,"column":6},"end":{"line":254,"column":8}},"84":{"start":{"line":257,"column":6},"end":{"line":257,"column":79}},"85":{"start":{"line":257,"column":67},"end":{"line":257,"column":79}},"86":{"start":{"line":258,"column":6},"end":{"line":258,"column":91}},"87":{"start":{"line":260,"column":6},"end":{"line":260,"column":59}},"88":{"start":{"line":260,"column":47},"end":{"line":260,"column":59}},"89":{"start":{"line":261,"column":6},"end":{"line":261,"column":80}},"90":{"start":{"line":263,"column":6},"end":{"line":263,"column":41}},"91":{"start":{"line":263,"column":29},"end":{"line":263,"column":41}},"92":{"start":{"line":264,"column":6},"end":{"line":264,"column":53}},"93":{"start":{"line":266,"column":6},"end":{"line":266,"column":18}}},"fnMap":{"0":{"name":"runStatusMeta","decl":{"start":{"line":32,"column":16},"end":{"line":32,"column":29}},"loc":{"start":{"line":32,"column":61},"end":{"line":34,"column":1}},"line":32},"1":{"name":"taskStatusMeta","decl":{"start":{"line":58,"column":16},"end":{"line":58,"column":30}},"loc":{"start":{"line":58,"column":63},"end":{"line":60,"column":1}},"line":58},"2":{"name":"taskKindLabel","decl":{"start":{"line":74,"column":16},"end":{"line":74,"column":29}},"loc":{"start":{"line":74,"column":52},"end":{"line":76,"column":1}},"line":74},"3":{"name":"extractTaskMedia","decl":{"start":{"line":91,"column":16},"end":{"line":91,"column":32}},"loc":{"start":{"line":91,"column":96},"end":{"line":120,"column":1}},"line":91},"4":{"name":"(anonymous_4)","decl":{"start":{"line":93,"column":15},"end":{"line":93,"column":16}},"loc":{"start":{"line":93,"column":46},"end":{"line":99,"column":3}},"line":93},"5":{"name":"primaryInputText","decl":{"start":{"line":126,"column":16},"end":{"line":126,"column":32}},"loc":{"start":{"line":129,"column":2},"end":{"line":137,"column":1}},"line":129},"6":{"name":"taskDurationSec","decl":{"start":{"line":140,"column":16},"end":{"line":140,"column":31}},"loc":{"start":{"line":140,"column":75},"end":{"line":143,"column":1}},"line":140},"7":{"name":"buildPlanOps","decl":{"start":{"line":170,"column":16},"end":{"line":170,"column":28}},"loc":{"start":{"line":173,"column":21},"end":{"line":198,"column":1}},"line":173},"8":{"name":"isRecord","decl":{"start":{"line":204,"column":9},"end":{"line":204,"column":17}},"loc":{"start":{"line":204,"column":60},"end":{"line":206,"column":1}},"line":204},"9":{"name":"str","decl":{"start":{"line":208,"column":9},"end":{"line":208,"column":12}},"loc":{"start":{"line":208,"column":38},"end":{"line":210,"column":1}},"line":208},"10":{"name":"toBrief","decl":{"start":{"line":212,"column":9},"end":{"line":212,"column":16}},"loc":{"start":{"line":212,"column":57},"end":{"line":223,"column":1}},"line":212},"11":{"name":"toAgentRunEvent","decl":{"start":{"line":232,"column":16},"end":{"line":232,"column":31}},"loc":{"start":{"line":232,"column":83},"end":{"line":268,"column":1}},"line":232},"12":{"name":"(anonymous_12)","decl":{"start":{"line":240,"column":50},"end":{"line":240,"column":51}},"loc":{"start":{"line":240,"column":81},"end":{"line":240,"column":91}},"line":240}},"branchMap":{"0":{"loc":{"start":{"line":33,"column":9},"end":{"line":33,"column":78}},"type":"binary-expr","locations":[{"start":{"line":33,"column":9},"end":{"line":33,"column":32}},{"start":{"line":33,"column":36},"end":{"line":33,"column":78}}],"line":33},"1":{"loc":{"start":{"line":33,"column":45},"end":{"line":33,"column":59}},"type":"binary-expr","locations":[{"start":{"line":33,"column":45},"end":{"line":33,"column":51}},{"start":{"line":33,"column":55},"end":{"line":33,"column":59}}],"line":33},"2":{"loc":{"start":{"line":59,"column":9},"end":{"line":59,"column":79}},"type":"binary-expr","locations":[{"start":{"line":59,"column":9},"end":{"line":59,"column":33}},{"start":{"line":59,"column":37},"end":{"line":59,"column":79}}],"line":59},"3":{"loc":{"start":{"line":59,"column":46},"end":{"line":59,"column":60}},"type":"binary-expr","locations":[{"start":{"line":59,"column":46},"end":{"line":59,"column":52}},{"start":{"line":59,"column":56},"end":{"line":59,"column":60}}],"line":59},"4":{"loc":{"start":{"line":75,"column":9},"end":{"line":75,"column":38}},"type":"binary-expr","locations":[{"start":{"line":75,"column":9},"end":{"line":75,"column":30}},{"start":{"line":75,"column":34},"end":{"line":75,"column":38}}],"line":75},"5":{"loc":{"start":{"line":92,"column":2},"end":{"line":92,"column":88}},"type":"if","locations":[{"start":{"line":92,"column":2},"end":{"line":92,"column":88}},{"start":{},"end":{}}],"line":92},"6":{"loc":{"start":{"line":92,"column":6},"end":{"line":92,"column":43}},"type":"binary-expr","locations":[{"start":{"line":92,"column":6},"end":{"line":92,"column":13}},{"start":{"line":92,"column":17},"end":{"line":92,"column":43}}],"line":92},"7":{"loc":{"start":{"line":96,"column":6},"end":{"line":96,"column":47}},"type":"if","locations":[{"start":{"line":96,"column":6},"end":{"line":96,"column":47}},{"start":{},"end":{}}],"line":96},"8":{"loc":{"start":{"line":96,"column":10},"end":{"line":96,"column":36}},"type":"binary-expr","locations":[{"start":{"line":96,"column":10},"end":{"line":96,"column":31}},{"start":{"line":96,"column":35},"end":{"line":96,"column":36}}],"line":96},"9":{"loc":{"start":{"line":101,"column":2},"end":{"line":101,"column":60}},"type":"if","locations":[{"start":{"line":101,"column":2},"end":{"line":101,"column":60}},{"start":{},"end":{}}],"line":101},"10":{"loc":{"start":{"line":103,"column":2},"end":{"line":103,"column":60}},"type":"if","locations":[{"start":{"line":103,"column":2},"end":{"line":103,"column":60}},{"start":{},"end":{}}],"line":103},"11":{"loc":{"start":{"line":105,"column":2},"end":{"line":105,"column":60}},"type":"if","locations":[{"start":{"line":105,"column":2},"end":{"line":105,"column":60}},{"start":{},"end":{}}],"line":105},"12":{"loc":{"start":{"line":107,"column":2},"end":{"line":112,"column":3}},"type":"if","locations":[{"start":{"line":107,"column":2},"end":{"line":112,"column":3}},{"start":{},"end":{}}],"line":107},"13":{"loc":{"start":{"line":109,"column":4},"end":{"line":109,"column":90}},"type":"if","locations":[{"start":{"line":109,"column":4},"end":{"line":109,"column":90}},{"start":{},"end":{}}],"line":109},"14":{"loc":{"start":{"line":110,"column":4},"end":{"line":110,"column":98}},"type":"if","locations":[{"start":{"line":110,"column":4},"end":{"line":110,"column":98}},{"start":{},"end":{}}],"line":110},"15":{"loc":{"start":{"line":114,"column":2},"end":{"line":116,"column":3}},"type":"if","locations":[{"start":{"line":114,"column":2},"end":{"line":116,"column":3}},{"start":{},"end":{}}],"line":114},"16":{"loc":{"start":{"line":114,"column":6},"end":{"line":114,"column":75}},"type":"binary-expr","locations":[{"start":{"line":114,"column":6},"end":{"line":114,"column":25}},{"start":{"line":114,"column":29},"end":{"line":114,"column":44}},{"start":{"line":114,"column":48},"end":{"line":114,"column":75}}],"line":114},"17":{"loc":{"start":{"line":118,"column":2},"end":{"line":118,"column":51}},"type":"if","locations":[{"start":{"line":118,"column":2},"end":{"line":118,"column":51}},{"start":{},"end":{}}],"line":118},"18":{"loc":{"start":{"line":130,"column":2},"end":{"line":135,"column":3}},"type":"if","locations":[{"start":{"line":130,"column":2},"end":{"line":135,"column":3}},{"start":{},"end":{}}],"line":130},"19":{"loc":{"start":{"line":130,"column":6},"end":{"line":130,"column":40}},"type":"binary-expr","locations":[{"start":{"line":130,"column":6},"end":{"line":130,"column":11}},{"start":{"line":130,"column":15},"end":{"line":130,"column":40}}],"line":130},"20":{"loc":{"start":{"line":133,"column":6},"end":{"line":133,"column":61}},"type":"if","locations":[{"start":{"line":133,"column":6},"end":{"line":133,"column":61}},{"start":{},"end":{}}],"line":133},"21":{"loc":{"start":{"line":142,"column":9},"end":{"line":142,"column":69}},"type":"cond-expr","locations":[{"start":{"line":142,"column":64},"end":{"line":142,"column":65}},{"start":{"line":142,"column":68},"end":{"line":142,"column":69}}],"line":142},"22":{"loc":{"start":{"line":142,"column":9},"end":{"line":142,"column":61}},"type":"binary-expr","locations":[{"start":{"line":142,"column":9},"end":{"line":142,"column":30}},{"start":{"line":142,"column":34},"end":{"line":142,"column":52}},{"start":{"line":142,"column":56},"end":{"line":142,"column":61}}],"line":142},"23":{"loc":{"start":{"line":176,"column":4},"end":{"line":179,"column":5}},"type":"if","locations":[{"start":{"line":176,"column":4},"end":{"line":179,"column":5}},{"start":{},"end":{}}],"line":176},"24":{"loc":{"start":{"line":181,"column":4},"end":{"line":181,"column":21}},"type":"if","locations":[{"start":{"line":181,"column":4},"end":{"line":181,"column":21}},{"start":{},"end":{}}],"line":181},"25":{"loc":{"start":{"line":183,"column":4},"end":{"line":183,"column":50}},"type":"if","locations":[{"start":{"line":183,"column":4},"end":{"line":183,"column":50}},{"start":{},"end":{}}],"line":183},"26":{"loc":{"start":{"line":184,"column":4},"end":{"line":186,"column":5}},"type":"if","locations":[{"start":{"line":184,"column":4},"end":{"line":186,"column":5}},{"start":{},"end":{}}],"line":184},"27":{"loc":{"start":{"line":185,"column":32},"end":{"line":185,"column":75}},"type":"binary-expr","locations":[{"start":{"line":185,"column":32},"end":{"line":185,"column":42}},{"start":{"line":185,"column":46},"end":{"line":185,"column":75}}],"line":185},"28":{"loc":{"start":{"line":193,"column":13},"end":{"line":193,"column":36}},"type":"binary-expr","locations":[{"start":{"line":193,"column":13},"end":{"line":193,"column":27}},{"start":{"line":193,"column":31},"end":{"line":193,"column":36}}],"line":193},"29":{"loc":{"start":{"line":205,"column":9},"end":{"line":205,"column":58}},"type":"binary-expr","locations":[{"start":{"line":205,"column":9},"end":{"line":205,"column":12}},{"start":{"line":205,"column":16},"end":{"line":205,"column":37}},{"start":{"line":205,"column":41},"end":{"line":205,"column":58}}],"line":205},"30":{"loc":{"start":{"line":213,"column":2},"end":{"line":215,"column":3}},"type":"if","locations":[{"start":{"line":213,"column":2},"end":{"line":215,"column":3}},{"start":{},"end":{}}],"line":213},"31":{"loc":{"start":{"line":213,"column":6},"end":{"line":213,"column":93}},"type":"binary-expr","locations":[{"start":{"line":213,"column":6},"end":{"line":213,"column":20}},{"start":{"line":213,"column":24},"end":{"line":213,"column":36}},{"start":{"line":213,"column":40},"end":{"line":213,"column":54}},{"start":{"line":213,"column":58},"end":{"line":213,"column":73}},{"start":{"line":213,"column":77},"end":{"line":213,"column":93}}],"line":213},"32":{"loc":{"start":{"line":220,"column":16},"end":{"line":220,"column":79}},"type":"cond-expr","locations":[{"start":{"line":220,"column":48},"end":{"line":220,"column":74}},{"start":{"line":220,"column":77},"end":{"line":220,"column":79}}],"line":220},"33":{"loc":{"start":{"line":233,"column":2},"end":{"line":233,"column":61}},"type":"if","locations":[{"start":{"line":233,"column":2},"end":{"line":233,"column":61}},{"start":{},"end":{}}],"line":233},"34":{"loc":{"start":{"line":233,"column":6},"end":{"line":233,"column":47}},"type":"binary-expr","locations":[{"start":{"line":233,"column":6},"end":{"line":233,"column":29}},{"start":{"line":233,"column":33},"end":{"line":233,"column":47}}],"line":233},"35":{"loc":{"start":{"line":234,"column":2},"end":{"line":267,"column":3}},"type":"switch","locations":[{"start":{"line":235,"column":4},"end":{"line":237,"column":91}},{"start":{"line":238,"column":4},"end":{"line":242,"column":5}},{"start":{"line":243,"column":4},"end":{"line":255,"column":5}},{"start":{"line":256,"column":4},"end":{"line":258,"column":91}},{"start":{"line":259,"column":4},"end":{"line":261,"column":80}},{"start":{"line":262,"column":4},"end":{"line":264,"column":53}},{"start":{"line":265,"column":4},"end":{"line":266,"column":18}}],"line":234},"36":{"loc":{"start":{"line":236,"column":6},"end":{"line":236,"column":41}},"type":"if","locations":[{"start":{"line":236,"column":6},"end":{"line":236,"column":41}},{"start":{},"end":{}}],"line":236},"37":{"loc":{"start":{"line":237,"column":57},"end":{"line":237,"column":88}},"type":"cond-expr","locations":[{"start":{"line":237,"column":74},"end":{"line":237,"column":83}},{"start":{"line":237,"column":86},"end":{"line":237,"column":88}}],"line":237},"38":{"loc":{"start":{"line":239,"column":6},"end":{"line":239,"column":49}},"type":"if","locations":[{"start":{"line":239,"column":6},"end":{"line":239,"column":49}},{"start":{},"end":{}}],"line":239},"39":{"loc":{"start":{"line":244,"column":6},"end":{"line":244,"column":40}},"type":"if","locations":[{"start":{"line":244,"column":6},"end":{"line":244,"column":40}},{"start":{},"end":{}}],"line":244},"40":{"loc":{"start":{"line":248,"column":12},"end":{"line":248,"column":60}},"type":"cond-expr","locations":[{"start":{"line":248,"column":31},"end":{"line":248,"column":55}},{"start":{"line":248,"column":58},"end":{"line":248,"column":60}}],"line":248},"41":{"loc":{"start":{"line":249,"column":12},"end":{"line":249,"column":57}},"type":"cond-expr","locations":[{"start":{"line":249,"column":30},"end":{"line":249,"column":52}},{"start":{"line":249,"column":55},"end":{"line":249,"column":57}}],"line":249},"42":{"loc":{"start":{"line":250,"column":12},"end":{"line":250,"column":54}},"type":"cond-expr","locations":[{"start":{"line":250,"column":29},"end":{"line":250,"column":49}},{"start":{"line":250,"column":52},"end":{"line":250,"column":54}}],"line":250},"43":{"loc":{"start":{"line":251,"column":12},"end":{"line":251,"column":62}},"type":"cond-expr","locations":[{"start":{"line":251,"column":35},"end":{"line":251,"column":57}},{"start":{"line":251,"column":60},"end":{"line":251,"column":62}}],"line":251},"44":{"loc":{"start":{"line":252,"column":12},"end":{"line":252,"column":63}},"type":"cond-expr","locations":[{"start":{"line":252,"column":32},"end":{"line":252,"column":58}},{"start":{"line":252,"column":61},"end":{"line":252,"column":63}}],"line":252},"45":{"loc":{"start":{"line":253,"column":12},"end":{"line":253,"column":75}},"type":"cond-expr","locations":[{"start":{"line":253,"column":46},"end":{"line":253,"column":70}},{"start":{"line":253,"column":73},"end":{"line":253,"column":75}}],"line":253},"46":{"loc":{"start":{"line":257,"column":6},"end":{"line":257,"column":79}},"type":"if","locations":[{"start":{"line":257,"column":6},"end":{"line":257,"column":79}},{"start":{},"end":{}}],"line":257},"47":{"loc":{"start":{"line":257,"column":10},"end":{"line":257,"column":65}},"type":"binary-expr","locations":[{"start":{"line":257,"column":10},"end":{"line":257,"column":27}},{"start":{"line":257,"column":31},"end":{"line":257,"column":46}},{"start":{"line":257,"column":50},"end":{"line":257,"column":65}}],"line":257},"48":{"loc":{"start":{"line":260,"column":6},"end":{"line":260,"column":59}},"type":"if","locations":[{"start":{"line":260,"column":6},"end":{"line":260,"column":59}},{"start":{},"end":{}}],"line":260},"49":{"loc":{"start":{"line":260,"column":10},"end":{"line":260,"column":45}},"type":"binary-expr","locations":[{"start":{"line":260,"column":10},"end":{"line":260,"column":24}},{"start":{"line":260,"column":28},"end":{"line":260,"column":45}}],"line":260},"50":{"loc":{"start":{"line":263,"column":6},"end":{"line":263,"column":41}},"type":"if","locations":[{"start":{"line":263,"column":6},"end":{"line":263,"column":41}},{"start":{},"end":{}}],"line":263}},"s":{"0":9,"1":202,"2":9,"3":9,"4":294,"5":9,"6":206,"7":197,"8":2,"9":195,"10":925,"11":2196,"12":2196,"13":31,"14":894,"15":195,"16":195,"17":3,"18":192,"19":192,"20":6,"21":186,"22":186,"23":3,"24":183,"25":183,"26":13,"27":6,"28":7,"29":5,"30":2,"31":170,"32":170,"33":1,"34":169,"35":169,"36":6,"37":163,"38":52,"39":50,"40":113,"41":113,"42":47,"43":5,"44":325,"45":325,"46":9,"47":15,"48":15,"49":36,"50":3,"51":3,"52":33,"53":33,"54":21,"55":12,"56":12,"57":6,"58":12,"59":6,"60":12,"61":15,"62":3,"63":15,"64":9,"65":30,"66":58,"67":3,"68":1,"69":2,"70":25,"71":5,"72":20,"73":5,"74":1,"75":4,"76":2,"77":1,"78":1,"79":3,"80":1,"81":5,"82":1,"83":4,"84":3,"85":1,"86":2,"87":2,"88":1,"89":1,"90":3,"91":1,"92":2,"93":0},"f":{"0":202,"1":294,"2":206,"3":197,"4":925,"5":52,"6":325,"7":15,"8":30,"9":58,"10":3,"11":25,"12":3},"b":{"0":[202,38],"1":[38,37],"2":[294,2],"3":[2,1],"4":[206,1],"5":[2,195],"6":[197,195],"7":[31,2165],"8":[2196,34],"9":[3,192],"10":[6,186],"11":[3,183],"12":[13,170],"13":[6,7],"14":[5,2],"15":[1,169],"16":[170,3,2],"17":[6,163],"18":[50,2],"19":[52,50],"20":[47,66],"21":[28,297],"22":[325,28,28],"23":[3,33],"24":[21,12],"25":[6,6],"26":[6,6],"27":[6,4],"28":[3,2],"29":[30,26,25],"30":[1,2],"31":[3,3,3,3,2],"32":[1,1],"33":[5,20],"34":[25,23],"35":[5,2,5,3,2,3,0],"36":[1,4],"37":[3,1],"38":[1,1],"39":[1,4],"40":[3,1],"41":[1,3],"42":[3,1],"43":[1,3],"44":[1,3],"45":[1,3],"46":[1,2],"47":[3,3,3],"48":[1,1],"49":[2,2],"50":[1,2]},"_coverageSchema":"1a1c01bbd47fc00a2c39e90264f33305004495a9","hash":"ab14df6b812553e50b79e4c17cf110a58dc4dfc4"}
,"/Users/wangzhenyu/Desktop/ALLProject/ToIV/Mobile/src/lib/api.ts": {"path":"/Users/wangzhenyu/Desktop/ALLProject/ToIV/Mobile/src/lib/api.ts","statementMap":{"0":{"start":{"line":61,"column":18},"end":{"line":61,"column":30}},"1":{"start":{"line":64,"column":34},"end":{"line":64,"column":40}},"2":{"start":{"line":66,"column":31},"end":{"line":66,"column":38}},"3":{"start":{"line":68,"column":17},"end":{"line":68,"column":22}},"4":{"start":{"line":74,"column":33},"end":{"line":74,"column":37}},"5":{"start":{"line":78,"column":2},"end":{"line":78,"column":18}},"6":{"start":{"line":82,"column":2},"end":{"line":82,"column":58}},"7":{"start":{"line":83,"column":2},"end":{"line":83,"column":21}},"8":{"start":{"line":87,"column":2},"end":{"line":87,"column":22}},"9":{"start":{"line":88,"column":2},"end":{"line":89,"column":52}},"10":{"start":{"line":88,"column":13},"end":{"line":88,"column":62}},"11":{"start":{"line":89,"column":7},"end":{"line":89,"column":52}},"12":{"start":{"line":97,"column":2},"end":{"line":97,"column":23}},"13":{"start":{"line":97,"column":13},"end":{"line":97,"column":23}},"14":{"start":{"line":98,"column":14},"end":{"line":98,"column":111}},"15":{"start":{"line":99,"column":2},"end":{"line":99,"column":31}},"16":{"start":{"line":99,"column":20},"end":{"line":99,"column":31}},"17":{"start":{"line":100,"column":2},"end":{"line":100,"column":90}},"18":{"start":{"line":108,"column":4},"end":{"line":108,"column":19}},"19":{"start":{"line":109,"column":4},"end":{"line":109,"column":27}},"20":{"start":{"line":115,"column":2},"end":{"line":115,"column":43}},"21":{"start":{"line":115,"column":22},"end":{"line":115,"column":43}},"22":{"start":{"line":116,"column":2},"end":{"line":116,"column":41}},"23":{"start":{"line":116,"column":22},"end":{"line":116,"column":41}},"24":{"start":{"line":117,"column":2},"end":{"line":117,"column":42}},"25":{"start":{"line":117,"column":22},"end":{"line":117,"column":42}},"26":{"start":{"line":118,"column":2},"end":{"line":118,"column":44}},"27":{"start":{"line":118,"column":22},"end":{"line":118,"column":44}},"28":{"start":{"line":119,"column":2},"end":{"line":119,"column":44}},"29":{"start":{"line":119,"column":21},"end":{"line":119,"column":44}},"30":{"start":{"line":120,"column":2},"end":{"line":120,"column":32}},"31":{"start":{"line":128,"column":2},"end":{"line":137,"column":3}},"32":{"start":{"line":129,"column":17},"end":{"line":129,"column":77}},"33":{"start":{"line":130,"column":4},"end":{"line":132,"column":5}},"34":{"start":{"line":131,"column":6},"end":{"line":131,"column":73}},"35":{"start":{"line":133,"column":4},"end":{"line":133,"column":60}},"36":{"start":{"line":133,"column":41},"end":{"line":133,"column":60}},"37":{"start":{"line":134,"column":4},"end":{"line":134,"column":30}},"38":{"start":{"line":136,"column":4},"end":{"line":136,"column":14}},"39":{"start":{"line":156,"column":73},"end":{"line":156,"column":80}},"40":{"start":{"line":157,"column":15},"end":{"line":157,"column":31}},"41":{"start":{"line":158,"column":14},"end":{"line":158,"column":63}},"42":{"start":{"line":160,"column":42},"end":{"line":160,"column":72}},"43":{"start":{"line":161,"column":16},"end":{"line":161,"column":32}},"44":{"start":{"line":162,"column":2},"end":{"line":162,"column":55}},"45":{"start":{"line":162,"column":13},"end":{"line":162,"column":55}},"46":{"start":{"line":163,"column":2},"end":{"line":163,"column":50}},"47":{"start":{"line":163,"column":26},"end":{"line":163,"column":50}},"48":{"start":{"line":164,"column":2},"end":{"line":164,"column":97}},"49":{"start":{"line":164,"column":52},"end":{"line":164,"column":97}},"50":{"start":{"line":166,"column":21},"end":{"line":166,"column":42}},"51":{"start":{"line":167,"column":16},"end":{"line":170,"column":3}},"52":{"start":{"line":168,"column":10},"end":{"line":168,"column":28}},"53":{"start":{"line":171,"column":2},"end":{"line":174,"column":3}},"54":{"start":{"line":172,"column":4},"end":{"line":173,"column":84}},"55":{"start":{"line":172,"column":24},"end":{"line":172,"column":43}},"56":{"start":{"line":173,"column":9},"end":{"line":173,"column":84}},"57":{"start":{"line":173,"column":48},"end":{"line":173,"column":66}},"58":{"start":{"line":177,"column":2},"end":{"line":191,"column":3}},"59":{"start":{"line":178,"column":4},"end":{"line":183,"column":7}},"60":{"start":{"line":185,"column":4},"end":{"line":187,"column":5}},"61":{"start":{"line":186,"column":6},"end":{"line":186,"column":45}},"62":{"start":{"line":188,"column":4},"end":{"line":188,"column":42}},"63":{"start":{"line":190,"column":4},"end":{"line":190,"column":24}},"64":{"start":{"line":193,"column":2},"end":{"line":195,"column":3}},"65":{"start":{"line":194,"column":4},"end":{"line":194,"column":92}},"66":{"start":{"line":197,"column":2},"end":{"line":197,"column":48}},"67":{"start":{"line":197,"column":26},"end":{"line":197,"column":48}},"68":{"start":{"line":198,"column":2},"end":{"line":198,"column":33}},"69":{"start":{"line":206,"column":15},"end":{"line":209,"column":3}},"70":{"start":{"line":210,"column":2},"end":{"line":212,"column":3}},"71":{"start":{"line":211,"column":4},"end":{"line":211,"column":51}},"72":{"start":{"line":213,"column":2},"end":{"line":213,"column":29}},"73":{"start":{"line":214,"column":2},"end":{"line":214,"column":48}},"74":{"start":{"line":218,"column":2},"end":{"line":218,"column":23}},"75":{"start":{"line":226,"column":2},"end":{"line":226,"column":44}},"76":{"start":{"line":236,"column":15},"end":{"line":236,"column":80}},"77":{"start":{"line":237,"column":2},"end":{"line":237,"column":28}},"78":{"start":{"line":245,"column":2},"end":{"line":248,"column":5}},"79":{"start":{"line":262,"column":2},"end":{"line":271,"column":3}},"80":{"start":{"line":264,"column":6},"end":{"line":264,"column":19}},"81":{"start":{"line":266,"column":6},"end":{"line":266,"column":20}},"82":{"start":{"line":268,"column":6},"end":{"line":268,"column":19}},"83":{"start":{"line":270,"column":6},"end":{"line":270,"column":19}},"84":{"start":{"line":286,"column":15},"end":{"line":286,"column":80}},"85":{"start":{"line":287,"column":19},"end":{"line":287,"column":33}},"86":{"start":{"line":289,"column":2},"end":{"line":293,"column":24}},"87":{"start":{"line":294,"column":14},"end":{"line":294,"column":73}},"88":{"start":{"line":295,"column":2},"end":{"line":299,"column":5}},"89":{"start":{"line":307,"column":2},"end":{"line":310,"column":5}},"90":{"start":{"line":326,"column":2},"end":{"line":344,"column":3}},"91":{"start":{"line":328,"column":6},"end":{"line":328,"column":27}},"92":{"start":{"line":330,"column":6},"end":{"line":330,"column":24}},"93":{"start":{"line":333,"column":6},"end":{"line":333,"column":22}},"94":{"start":{"line":335,"column":6},"end":{"line":335,"column":27}},"95":{"start":{"line":337,"column":6},"end":{"line":337,"column":22}},"96":{"start":{"line":341,"column":6},"end":{"line":341,"column":23}},"97":{"start":{"line":343,"column":6},"end":{"line":343,"column":23}},"98":{"start":{"line":356,"column":2},"end":{"line":363,"column":3}},"99":{"start":{"line":358,"column":6},"end":{"line":358,"column":19}},"100":{"start":{"line":360,"column":6},"end":{"line":360,"column":20}},"101":{"start":{"line":362,"column":6},"end":{"line":362,"column":19}},"102":{"start":{"line":377,"column":15},"end":{"line":377,"column":85}},"103":{"start":{"line":378,"column":19},"end":{"line":378,"column":33}},"104":{"start":{"line":380,"column":2},"end":{"line":384,"column":24}},"105":{"start":{"line":385,"column":14},"end":{"line":385,"column":73}},"106":{"start":{"line":386,"column":2},"end":{"line":390,"column":5}},"107":{"start":{"line":402,"column":2},"end":{"line":416,"column":3}},"108":{"start":{"line":406,"column":6},"end":{"line":406,"column":19}},"109":{"start":{"line":409,"column":6},"end":{"line":409,"column":19}},"110":{"start":{"line":411,"column":6},"end":{"line":411,"column":19}},"111":{"start":{"line":413,"column":6},"end":{"line":413,"column":20}},"112":{"start":{"line":415,"column":6},"end":{"line":415,"column":19}},"113":{"start":{"line":430,"column":15},"end":{"line":430,"column":85}},"114":{"start":{"line":431,"column":19},"end":{"line":431,"column":33}},"115":{"start":{"line":433,"column":2},"end":{"line":437,"column":24}},"116":{"start":{"line":438,"column":14},"end":{"line":438,"column":73}},"117":{"start":{"line":439,"column":2},"end":{"line":443,"column":5}},"118":{"start":{"line":458,"column":18},"end":{"line":458,"column":62}},"119":{"start":{"line":460,"column":4},"end":{"line":461,"column":87}},"120":{"start":{"line":462,"column":19},"end":{"line":462,"column":33}},"121":{"start":{"line":464,"column":2},"end":{"line":468,"column":24}},"122":{"start":{"line":469,"column":15},"end":{"line":473,"column":4}},"123":{"start":{"line":474,"column":2},"end":{"line":474,"column":83}},"124":{"start":{"line":490,"column":15},"end":{"line":493,"column":4}},"125":{"start":{"line":494,"column":2},"end":{"line":494,"column":72}},"126":{"start":{"line":502,"column":2},"end":{"line":506,"column":5}},"127":{"start":{"line":514,"column":2},"end":{"line":518,"column":5}},"128":{"start":{"line":526,"column":2},"end":{"line":530,"column":5}},"129":{"start":{"line":538,"column":2},"end":{"line":542,"column":5}},"130":{"start":{"line":552,"column":2},"end":{"line":556,"column":5}},"131":{"start":{"line":564,"column":2},"end":{"line":568,"column":5}},"132":{"start":{"line":576,"column":2},"end":{"line":580,"column":5}},"133":{"start":{"line":588,"column":2},"end":{"line":592,"column":5}},"134":{"start":{"line":602,"column":2},"end":{"line":606,"column":5}},"135":{"start":{"line":614,"column":2},"end":{"line":618,"column":5}},"136":{"start":{"line":629,"column":2},"end":{"line":633,"column":5}},"137":{"start":{"line":641,"column":2},"end":{"line":645,"column":5}},"138":{"start":{"line":653,"column":2},"end":{"line":657,"column":5}},"139":{"start":{"line":670,"column":2},"end":{"line":674,"column":5}},"140":{"start":{"line":684,"column":61},"end":{"line":684,"column":68}},"141":{"start":{"line":685,"column":13},"end":{"line":685,"column":176}},"142":{"start":{"line":686,"column":2},"end":{"line":686,"column":47}},"143":{"start":{"line":691,"column":2},"end":{"line":691,"column":81}},"144":{"start":{"line":699,"column":2},"end":{"line":702,"column":5}},"145":{"start":{"line":707,"column":2},"end":{"line":707,"column":81}},"146":{"start":{"line":717,"column":13},"end":{"line":717,"column":60}},"147":{"start":{"line":718,"column":2},"end":{"line":718,"column":51}},"148":{"start":{"line":723,"column":2},"end":{"line":723,"column":70}},"149":{"start":{"line":728,"column":2},"end":{"line":728,"column":70}},"150":{"start":{"line":733,"column":2},"end":{"line":736,"column":5}},"151":{"start":{"line":741,"column":2},"end":{"line":741,"column":80}},"152":{"start":{"line":750,"column":2},"end":{"line":750,"column":75}},"153":{"start":{"line":776,"column":54},"end":{"line":776,"column":60}},"154":{"start":{"line":777,"column":42},"end":{"line":780,"column":3}},"155":{"start":{"line":781,"column":16},"end":{"line":781,"column":32}},"156":{"start":{"line":782,"column":2},"end":{"line":782,"column":55}},"157":{"start":{"line":782,"column":13},"end":{"line":782,"column":55}},"158":{"start":{"line":783,"column":2},"end":{"line":783,"column":42}},"159":{"start":{"line":783,"column":18},"end":{"line":783,"column":42}},"160":{"start":{"line":786,"column":2},"end":{"line":804,"column":3}},"161":{"start":{"line":787,"column":4},"end":{"line":799,"column":7}},"162":{"start":{"line":802,"column":4},"end":{"line":802,"column":50}},"163":{"start":{"line":802,"column":25},"end":{"line":802,"column":50}},"164":{"start":{"line":803,"column":4},"end":{"line":803,"column":42}},"165":{"start":{"line":806,"column":2},"end":{"line":808,"column":3}},"166":{"start":{"line":807,"column":4},"end":{"line":807,"column":92}},"167":{"start":{"line":810,"column":14},"end":{"line":810,"column":57}},"168":{"start":{"line":811,"column":2},"end":{"line":814,"column":3}},"169":{"start":{"line":813,"column":4},"end":{"line":813,"column":41}},"170":{"start":{"line":816,"column":2},"end":{"line":832,"column":3}},"171":{"start":{"line":817,"column":4},"end":{"line":828,"column":6}},"172":{"start":{"line":820,"column":8},"end":{"line":820,"column":36}},"173":{"start":{"line":820,"column":29},"end":{"line":820,"column":36}},"174":{"start":{"line":821,"column":8},"end":{"line":825,"column":9}},"175":{"start":{"line":822,"column":10},"end":{"line":822,"column":50}},"176":{"start":{"line":830,"column":4},"end":{"line":830,"column":51}},"177":{"start":{"line":830,"column":25},"end":{"line":830,"column":51}},"178":{"start":{"line":831,"column":4},"end":{"line":831,"column":67}},"179":{"start":{"line":833,"column":2},"end":{"line":833,"column":28}},"180":{"start":{"line":841,"column":2},"end":{"line":841,"column":64}},"181":{"start":{"line":849,"column":2},"end":{"line":849,"column":94}},"182":{"start":{"line":854,"column":2},"end":{"line":854,"column":95}},"183":{"start":{"line":867,"column":2},"end":{"line":873,"column":4}},"184":{"start":{"line":887,"column":2},"end":{"line":896,"column":3}},"185":{"start":{"line":889,"column":6},"end":{"line":889,"column":19}},"186":{"start":{"line":891,"column":6},"end":{"line":891,"column":20}},"187":{"start":{"line":893,"column":6},"end":{"line":893,"column":18}},"188":{"start":{"line":895,"column":6},"end":{"line":895,"column":19}},"189":{"start":{"line":901,"column":2},"end":{"line":901,"column":42}},"190":{"start":{"line":911,"column":15},"end":{"line":911,"column":81}},"191":{"start":{"line":912,"column":19},"end":{"line":912,"column":33}},"192":{"start":{"line":914,"column":2},"end":{"line":918,"column":24}},"193":{"start":{"line":919,"column":2},"end":{"line":923,"column":5}},"194":{"start":{"line":928,"column":2},"end":{"line":928,"column":81}},"195":{"start":{"line":938,"column":13},"end":{"line":938,"column":80}},"196":{"start":{"line":939,"column":2},"end":{"line":939,"column":61}},"197":{"start":{"line":944,"column":2},"end":{"line":944,"column":82}},"198":{"start":{"line":949,"column":2},"end":{"line":952,"column":4}},"199":{"start":{"line":966,"column":2},"end":{"line":969,"column":4}},"200":{"start":{"line":984,"column":2},"end":{"line":987,"column":4}},"201":{"start":{"line":1003,"column":2},"end":{"line":1006,"column":4}},"202":{"start":{"line":1016,"column":2},"end":{"line":1016,"column":89}},"203":{"start":{"line":1034,"column":16},"end":{"line":1034,"column":32}},"204":{"start":{"line":1035,"column":13},"end":{"line":1035,"column":108}},"205":{"start":{"line":1036,"column":42},"end":{"line":1036,"column":73}},"206":{"start":{"line":1037,"column":2},"end":{"line":1037,"column":55}},"207":{"start":{"line":1037,"column":13},"end":{"line":1037,"column":55}},"208":{"start":{"line":1040,"column":2},"end":{"line":1049,"column":3}},"209":{"start":{"line":1041,"column":4},"end":{"line":1044,"column":6}},"210":{"start":{"line":1047,"column":4},"end":{"line":1047,"column":32}},"211":{"start":{"line":1047,"column":25},"end":{"line":1047,"column":32}},"212":{"start":{"line":1048,"column":4},"end":{"line":1048,"column":42}},"213":{"start":{"line":1051,"column":2},"end":{"line":1053,"column":3}},"214":{"start":{"line":1052,"column":4},"end":{"line":1052,"column":92}},"215":{"start":{"line":1054,"column":2},"end":{"line":1057,"column":3}},"216":{"start":{"line":1056,"column":4},"end":{"line":1056,"column":41}},"217":{"start":{"line":1059,"column":2},"end":{"line":1075,"column":3}},"218":{"start":{"line":1060,"column":4},"end":{"line":1071,"column":6}},"219":{"start":{"line":1063,"column":8},"end":{"line":1068,"column":9}},"220":{"start":{"line":1064,"column":21},"end":{"line":1064,"column":61}},"221":{"start":{"line":1065,"column":10},"end":{"line":1065,"column":30}},"222":{"start":{"line":1065,"column":18},"end":{"line":1065,"column":30}},"223":{"start":{"line":1073,"column":4},"end":{"line":1073,"column":32}},"224":{"start":{"line":1073,"column":25},"end":{"line":1073,"column":32}},"225":{"start":{"line":1074,"column":4},"end":{"line":1074,"column":67}}},"fnMap":{"0":{"name":"setNsfwIntent","decl":{"start":{"line":77,"column":16},"end":{"line":77,"column":29}},"loc":{"start":{"line":77,"column":49},"end":{"line":79,"column":1}},"line":77},"1":{"name":"getToken","decl":{"start":{"line":81,"column":22},"end":{"line":81,"column":30}},"loc":{"start":{"line":81,"column":57},"end":{"line":84,"column":1}},"line":81},"2":{"name":"setToken","decl":{"start":{"line":86,"column":22},"end":{"line":86,"column":30}},"loc":{"start":{"line":86,"column":68},"end":{"line":90,"column":1}},"line":86},"3":{"name":"mediaUrl","decl":{"start":{"line":96,"column":16},"end":{"line":96,"column":24}},"loc":{"start":{"line":96,"column":47},"end":{"line":101,"column":1}},"line":96},"4":{"name":"(anonymous_4)","decl":{"start":{"line":104,"column":2},"end":{"line":104,"column":3}},"loc":{"start":{"line":107,"column":4},"end":{"line":110,"column":3}},"line":107},"5":{"name":"friendlyMessage","decl":{"start":{"line":114,"column":9},"end":{"line":114,"column":24}},"loc":{"start":{"line":114,"column":67},"end":{"line":121,"column":1}},"line":114},"6":{"name":"readErrorDetail","decl":{"start":{"line":127,"column":15},"end":{"line":127,"column":30}},"loc":{"start":{"line":127,"column":83},"end":{"line":138,"column":1}},"line":127},"7":{"name":"apiFetch","decl":{"start":{"line":152,"column":22},"end":{"line":152,"column":30}},"loc":{"start":{"line":155,"column":14},"end":{"line":199,"column":1}},"line":155},"8":{"name":"(anonymous_8)","decl":{"start":{"line":168,"column":4},"end":{"line":168,"column":5}},"loc":{"start":{"line":168,"column":10},"end":{"line":168,"column":28}},"line":168},"9":{"name":"(anonymous_9)","decl":{"start":{"line":173,"column":42},"end":{"line":173,"column":43}},"loc":{"start":{"line":173,"column":48},"end":{"line":173,"column":66}},"line":173},"10":{"name":"login","decl":{"start":{"line":205,"column":22},"end":{"line":205,"column":27}},"loc":{"start":{"line":205,"column":82},"end":{"line":215,"column":1}},"line":205},"11":{"name":"logout","decl":{"start":{"line":217,"column":22},"end":{"line":217,"column":28}},"loc":{"start":{"line":217,"column":46},"end":{"line":219,"column":1}},"line":217},"12":{"name":"fetchMe","decl":{"start":{"line":225,"column":22},"end":{"line":225,"column":29}},"loc":{"start":{"line":225,"column":51},"end":{"line":227,"column":1}},"line":225},"13":{"name":"fetchEngines","decl":{"start":{"line":235,"column":22},"end":{"line":235,"column":34}},"loc":{"start":{"line":235,"column":60},"end":{"line":238,"column":1}},"line":235},"14":{"name":"submitTxt2Img","decl":{"start":{"line":244,"column":22},"end":{"line":244,"column":35}},"loc":{"start":{"line":244,"column":87},"end":{"line":249,"column":1}},"line":244},"15":{"name":"extFromMime","decl":{"start":{"line":261,"column":9},"end":{"line":261,"column":20}},"loc":{"start":{"line":261,"column":59},"end":{"line":272,"column":1}},"line":261},"16":{"name":"uploadImage","decl":{"start":{"line":281,"column":22},"end":{"line":281,"column":33}},"loc":{"start":{"line":285,"column":30},"end":{"line":300,"column":1}},"line":285},"17":{"name":"submitImg2Img","decl":{"start":{"line":306,"column":22},"end":{"line":306,"column":35}},"loc":{"start":{"line":306,"column":87},"end":{"line":311,"column":1}},"line":306},"18":{"name":"uploadKindForEngine","decl":{"start":{"line":325,"column":16},"end":{"line":325,"column":35}},"loc":{"start":{"line":325,"column":62},"end":{"line":345,"column":1}},"line":325},"19":{"name":"videoExtFromMime","decl":{"start":{"line":355,"column":9},"end":{"line":355,"column":25}},"loc":{"start":{"line":355,"column":64},"end":{"line":364,"column":1}},"line":355},"20":{"name":"uploadVideo","decl":{"start":{"line":372,"column":22},"end":{"line":372,"column":33}},"loc":{"start":{"line":376,"column":30},"end":{"line":391,"column":1}},"line":376},"21":{"name":"audioExtFromMime","decl":{"start":{"line":401,"column":9},"end":{"line":401,"column":25}},"loc":{"start":{"line":401,"column":64},"end":{"line":417,"column":1}},"line":401},"22":{"name":"uploadAudio","decl":{"start":{"line":425,"column":22},"end":{"line":425,"column":33}},"loc":{"start":{"line":429,"column":30},"end":{"line":444,"column":1}},"line":429},"23":{"name":"reversePrompt","decl":{"start":{"line":455,"column":22},"end":{"line":455,"column":35}},"loc":{"start":{"line":457,"column":26},"end":{"line":475,"column":1}},"line":457},"24":{"name":"optimizePrompt","decl":{"start":{"line":486,"column":22},"end":{"line":486,"column":36}},"loc":{"start":{"line":489,"column":28},"end":{"line":495,"column":1}},"line":489},"25":{"name":"submitLtx25T2V","decl":{"start":{"line":501,"column":22},"end":{"line":501,"column":36}},"loc":{"start":{"line":501,"column":89},"end":{"line":507,"column":1}},"line":501},"26":{"name":"submitLtx25I2V","decl":{"start":{"line":513,"column":22},"end":{"line":513,"column":36}},"loc":{"start":{"line":513,"column":89},"end":{"line":519,"column":1}},"line":513},"27":{"name":"submitWanAnimate","decl":{"start":{"line":525,"column":22},"end":{"line":525,"column":38}},"loc":{"start":{"line":525,"column":93},"end":{"line":531,"column":1}},"line":525},"28":{"name":"submitWanVace","decl":{"start":{"line":537,"column":22},"end":{"line":537,"column":35}},"loc":{"start":{"line":537,"column":87},"end":{"line":543,"column":1}},"line":537},"29":{"name":"submitH3T2V","decl":{"start":{"line":551,"column":22},"end":{"line":551,"column":33}},"loc":{"start":{"line":551,"column":83},"end":{"line":557,"column":1}},"line":551},"30":{"name":"submitH3I2V","decl":{"start":{"line":563,"column":22},"end":{"line":563,"column":33}},"loc":{"start":{"line":563,"column":83},"end":{"line":569,"column":1}},"line":563},"31":{"name":"submitLongCatT2V","decl":{"start":{"line":575,"column":22},"end":{"line":575,"column":38}},"loc":{"start":{"line":575,"column":93},"end":{"line":581,"column":1}},"line":575},"32":{"name":"submitLongCatI2V","decl":{"start":{"line":587,"column":22},"end":{"line":587,"column":38}},"loc":{"start":{"line":587,"column":93},"end":{"line":593,"column":1}},"line":587},"33":{"name":"submitLongCatContinue","decl":{"start":{"line":599,"column":22},"end":{"line":599,"column":43}},"loc":{"start":{"line":601,"column":29},"end":{"line":607,"column":1}},"line":601},"34":{"name":"submitAceMusic","decl":{"start":{"line":613,"column":22},"end":{"line":613,"column":36}},"loc":{"start":{"line":613,"column":89},"end":{"line":619,"column":1}},"line":613},"35":{"name":"submitLtxNsfwT2V","decl":{"start":{"line":628,"column":22},"end":{"line":628,"column":38}},"loc":{"start":{"line":628,"column":93},"end":{"line":634,"column":1}},"line":628},"36":{"name":"submitLtxNsfwI2V","decl":{"start":{"line":640,"column":22},"end":{"line":640,"column":38}},"loc":{"start":{"line":640,"column":93},"end":{"line":646,"column":1}},"line":640},"37":{"name":"submitLtxNsfwLipsync","decl":{"start":{"line":652,"column":22},"end":{"line":652,"column":42}},"loc":{"start":{"line":652,"column":101},"end":{"line":658,"column":1}},"line":652},"38":{"name":"submitAvatarTalk","decl":{"start":{"line":669,"column":22},"end":{"line":669,"column":38}},"loc":{"start":{"line":669,"column":93},"end":{"line":675,"column":1}},"line":669},"39":{"name":"listJobs","decl":{"start":{"line":683,"column":22},"end":{"line":683,"column":30}},"loc":{"start":{"line":683,"column":134},"end":{"line":687,"column":1}},"line":683},"40":{"name":"deleteJob","decl":{"start":{"line":690,"column":22},"end":{"line":690,"column":31}},"loc":{"start":{"line":690,"column":62},"end":{"line":692,"column":1}},"line":690},"41":{"name":"rerunJob","decl":{"start":{"line":698,"column":22},"end":{"line":698,"column":30}},"loc":{"start":{"line":698,"column":96},"end":{"line":703,"column":1}},"line":698},"42":{"name":"fetchVersions","decl":{"start":{"line":706,"column":22},"end":{"line":706,"column":35}},"loc":{"start":{"line":706,"column":72},"end":{"line":708,"column":1}},"line":706},"43":{"name":"listAssets","decl":{"start":{"line":716,"column":22},"end":{"line":716,"column":32}},"loc":{"start":{"line":716,"column":73},"end":{"line":719,"column":1}},"line":716},"44":{"name":"createAsset","decl":{"start":{"line":722,"column":22},"end":{"line":722,"column":33}},"loc":{"start":{"line":722,"column":77},"end":{"line":724,"column":1}},"line":722},"45":{"name":"getAsset","decl":{"start":{"line":727,"column":22},"end":{"line":727,"column":30}},"loc":{"start":{"line":727,"column":63},"end":{"line":729,"column":1}},"line":727},"46":{"name":"updateAsset","decl":{"start":{"line":732,"column":22},"end":{"line":732,"column":33}},"loc":{"start":{"line":732,"column":89},"end":{"line":737,"column":1}},"line":732},"47":{"name":"deleteAsset","decl":{"start":{"line":740,"column":22},"end":{"line":740,"column":33}},"loc":{"start":{"line":740,"column":61},"end":{"line":742,"column":1}},"line":740},"48":{"name":"assetImageUrl","decl":{"start":{"line":749,"column":16},"end":{"line":749,"column":29}},"loc":{"start":{"line":749,"column":65},"end":{"line":751,"column":1}},"line":749},"49":{"name":"agentChatStream","decl":{"start":{"line":766,"column":22},"end":{"line":766,"column":37}},"loc":{"start":{"line":775,"column":34},"end":{"line":834,"column":1}},"line":775},"50":{"name":"(anonymous_50)","decl":{"start":{"line":819,"column":6},"end":{"line":819,"column":7}},"loc":{"start":{"line":819,"column":23},"end":{"line":826,"column":7}},"line":819},"51":{"name":"listAgentSessions","decl":{"start":{"line":840,"column":22},"end":{"line":840,"column":39}},"loc":{"start":{"line":840,"column":74},"end":{"line":842,"column":1}},"line":840},"52":{"name":"getAgentSession","decl":{"start":{"line":848,"column":22},"end":{"line":848,"column":37}},"loc":{"start":{"line":848,"column":86},"end":{"line":850,"column":1}},"line":848},"53":{"name":"deleteAgentSession","decl":{"start":{"line":853,"column":22},"end":{"line":853,"column":40}},"loc":{"start":{"line":853,"column":75},"end":{"line":855,"column":1}},"line":853},"54":{"name":"forkAgentSession","decl":{"start":{"line":863,"column":22},"end":{"line":863,"column":38}},"loc":{"start":{"line":866,"column":32},"end":{"line":874,"column":1}},"line":866},"55":{"name":"docExtFromMime","decl":{"start":{"line":886,"column":9},"end":{"line":886,"column":23}},"loc":{"start":{"line":886,"column":62},"end":{"line":897,"column":1}},"line":886},"56":{"name":"listDocs","decl":{"start":{"line":900,"column":22},"end":{"line":900,"column":30}},"loc":{"start":{"line":900,"column":53},"end":{"line":902,"column":1}},"line":900},"57":{"name":"uploadDoc","decl":{"start":{"line":910,"column":22},"end":{"line":910,"column":31}},"loc":{"start":{"line":910,"column":70},"end":{"line":924,"column":1}},"line":910},"58":{"name":"deleteDoc","decl":{"start":{"line":927,"column":22},"end":{"line":927,"column":31}},"loc":{"start":{"line":927,"column":62},"end":{"line":929,"column":1}},"line":927},"59":{"name":"listAgentRuns","decl":{"start":{"line":937,"column":22},"end":{"line":937,"column":35}},"loc":{"start":{"line":937,"column":85},"end":{"line":940,"column":1}},"line":937},"60":{"name":"getAgentRun","decl":{"start":{"line":943,"column":22},"end":{"line":943,"column":33}},"loc":{"start":{"line":943,"column":74},"end":{"line":945,"column":1}},"line":943},"61":{"name":"cancelAgentRun","decl":{"start":{"line":948,"column":22},"end":{"line":948,"column":36}},"loc":{"start":{"line":948,"column":97},"end":{"line":953,"column":1}},"line":948},"62":{"name":"resumeAgentRun","decl":{"start":{"line":962,"column":22},"end":{"line":962,"column":36}},"loc":{"start":{"line":965,"column":47},"end":{"line":970,"column":1}},"line":965},"63":{"name":"agentTaskAction","decl":{"start":{"line":979,"column":22},"end":{"line":979,"column":37}},"loc":{"start":{"line":983,"column":25},"end":{"line":988,"column":1}},"line":983},"64":{"name":"updateAgentRunPlan","decl":{"start":{"line":999,"column":22},"end":{"line":999,"column":40}},"loc":{"start":{"line":1002,"column":37},"end":{"line":1007,"column":1}},"line":1002},"65":{"name":"getAgentRunResult","decl":{"start":{"line":1015,"column":22},"end":{"line":1015,"column":39}},"loc":{"start":{"line":1015,"column":80},"end":{"line":1017,"column":1}},"line":1015},"66":{"name":"watchAgentRunEvents","decl":{"start":{"line":1028,"column":22},"end":{"line":1028,"column":41}},"loc":{"start":{"line":1033,"column":17},"end":{"line":1076,"column":1}},"line":1033},"67":{"name":"(anonymous_67)","decl":{"start":{"line":1062,"column":6},"end":{"line":1062,"column":7}},"loc":{"start":{"line":1062,"column":23},"end":{"line":1069,"column":7}},"line":1062}},"branchMap":{"0":{"loc":{"start":{"line":88,"column":2},"end":{"line":89,"column":52}},"type":"if","locations":[{"start":{"line":88,"column":2},"end":{"line":89,"column":52}},{"start":{"line":89,"column":7},"end":{"line":89,"column":52}}],"line":88},"1":{"loc":{"start":{"line":97,"column":2},"end":{"line":97,"column":23}},"type":"if","locations":[{"start":{"line":97,"column":2},"end":{"line":97,"column":23}},{"start":{},"end":{}}],"line":97},"2":{"loc":{"start":{"line":98,"column":14},"end":{"line":98,"column":111}},"type":"cond-expr","locations":[{"start":{"line":98,"column":40},"end":{"line":98,"column":44}},{"start":{"line":98,"column":47},"end":{"line":98,"column":111}}],"line":98},"3":{"loc":{"start":{"line":98,"column":69},"end":{"line":98,"column":109}},"type":"cond-expr","locations":[{"start":{"line":98,"column":92},"end":{"line":98,"column":96}},{"start":{"line":98,"column":99},"end":{"line":98,"column":109}}],"line":98},"4":{"loc":{"start":{"line":99,"column":2},"end":{"line":99,"column":31}},"type":"if","locations":[{"start":{"line":99,"column":2},"end":{"line":99,"column":31}},{"start":{},"end":{}}],"line":99},"5":{"loc":{"start":{"line":100,"column":18},"end":{"line":100,"column":47}},"type":"cond-expr","locations":[{"start":{"line":100,"column":38},"end":{"line":100,"column":41}},{"start":{"line":100,"column":44},"end":{"line":100,"column":47}}],"line":100},"6":{"loc":{"start":{"line":115,"column":2},"end":{"line":115,"column":43}},"type":"if","locations":[{"start":{"line":115,"column":2},"end":{"line":115,"column":43}},{"start":{},"end":{}}],"line":115},"7":{"loc":{"start":{"line":116,"column":2},"end":{"line":116,"column":41}},"type":"if","locations":[{"start":{"line":116,"column":2},"end":{"line":116,"column":41}},{"start":{},"end":{}}],"line":116},"8":{"loc":{"start":{"line":117,"column":2},"end":{"line":117,"column":42}},"type":"if","locations":[{"start":{"line":117,"column":2},"end":{"line":117,"column":42}},{"start":{},"end":{}}],"line":117},"9":{"loc":{"start":{"line":118,"column":2},"end":{"line":118,"column":44}},"type":"if","locations":[{"start":{"line":118,"column":2},"end":{"line":118,"column":44}},{"start":{},"end":{}}],"line":118},"10":{"loc":{"start":{"line":119,"column":2},"end":{"line":119,"column":44}},"type":"if","locations":[{"start":{"line":119,"column":2},"end":{"line":119,"column":44}},{"start":{},"end":{}}],"line":119},"11":{"loc":{"start":{"line":120,"column":9},"end":{"line":120,"column":31}},"type":"binary-expr","locations":[{"start":{"line":120,"column":9},"end":{"line":120,"column":17}},{"start":{"line":120,"column":21},"end":{"line":120,"column":31}}],"line":120},"12":{"loc":{"start":{"line":130,"column":4},"end":{"line":132,"column":5}},"type":"if","locations":[{"start":{"line":130,"column":4},"end":{"line":132,"column":5}},{"start":{},"end":{}}],"line":130},"13":{"loc":{"start":{"line":131,"column":13},"end":{"line":131,"column":72}},"type":"binary-expr","locations":[{"start":{"line":131,"column":13},"end":{"line":131,"column":66}},{"start":{"line":131,"column":70},"end":{"line":131,"column":72}}],"line":131},"14":{"loc":{"start":{"line":133,"column":4},"end":{"line":133,"column":60}},"type":"if","locations":[{"start":{"line":133,"column":4},"end":{"line":133,"column":60}},{"start":{},"end":{}}],"line":133},"15":{"loc":{"start":{"line":134,"column":11},"end":{"line":134,"column":29}},"type":"binary-expr","locations":[{"start":{"line":134,"column":11},"end":{"line":134,"column":23}},{"start":{"line":134,"column":27},"end":{"line":134,"column":29}}],"line":134},"16":{"loc":{"start":{"line":154,"column":2},"end":{"line":154,"column":31}},"type":"default-arg","locations":[{"start":{"line":154,"column":29},"end":{"line":154,"column":31}}],"line":154},"17":{"loc":{"start":{"line":156,"column":10},"end":{"line":156,"column":24}},"type":"default-arg","locations":[{"start":{"line":156,"column":19},"end":{"line":156,"column":24}}],"line":156},"18":{"loc":{"start":{"line":156,"column":42},"end":{"line":156,"column":54}},"type":"default-arg","locations":[{"start":{"line":156,"column":49},"end":{"line":156,"column":54}}],"line":156},"19":{"loc":{"start":{"line":158,"column":14},"end":{"line":158,"column":63}},"type":"cond-expr","locations":[{"start":{"line":158,"column":40},"end":{"line":158,"column":44}},{"start":{"line":158,"column":47},"end":{"line":158,"column":63}}],"line":158},"20":{"loc":{"start":{"line":162,"column":2},"end":{"line":162,"column":55}},"type":"if","locations":[{"start":{"line":162,"column":2},"end":{"line":162,"column":55}},{"start":{},"end":{}}],"line":162},"21":{"loc":{"start":{"line":163,"column":2},"end":{"line":163,"column":50}},"type":"if","locations":[{"start":{"line":163,"column":2},"end":{"line":163,"column":50}},{"start":{},"end":{}}],"line":163},"22":{"loc":{"start":{"line":163,"column":6},"end":{"line":163,"column":24}},"type":"binary-expr","locations":[{"start":{"line":163,"column":6},"end":{"line":163,"column":10}},{"start":{"line":163,"column":14},"end":{"line":163,"column":24}}],"line":163},"23":{"loc":{"start":{"line":164,"column":2},"end":{"line":164,"column":97}},"type":"if","locations":[{"start":{"line":164,"column":2},"end":{"line":164,"column":97}},{"start":{},"end":{}}],"line":164},"24":{"loc":{"start":{"line":164,"column":6},"end":{"line":164,"column":50}},"type":"binary-expr","locations":[{"start":{"line":164,"column":6},"end":{"line":164,"column":24}},{"start":{"line":164,"column":28},"end":{"line":164,"column":50}}],"line":164},"25":{"loc":{"start":{"line":169,"column":4},"end":{"line":169,"column":47}},"type":"cond-expr","locations":[{"start":{"line":169,"column":11},"end":{"line":169,"column":26}},{"start":{"line":169,"column":29},"end":{"line":169,"column":47}}],"line":169},"26":{"loc":{"start":{"line":171,"column":2},"end":{"line":174,"column":3}},"type":"if","locations":[{"start":{"line":171,"column":2},"end":{"line":174,"column":3}},{"start":{},"end":{}}],"line":171},"27":{"loc":{"start":{"line":172,"column":4},"end":{"line":173,"column":84}},"type":"if","locations":[{"start":{"line":172,"column":4},"end":{"line":173,"column":84}},{"start":{"line":173,"column":9},"end":{"line":173,"column":84}}],"line":172},"28":{"loc":{"start":{"line":181,"column":12},"end":{"line":181,"column":79}},"type":"binary-expr","locations":[{"start":{"line":181,"column":12},"end":{"line":181,"column":20}},{"start":{"line":181,"column":25},"end":{"line":181,"column":78}}],"line":181},"29":{"loc":{"start":{"line":181,"column":25},"end":{"line":181,"column":78}},"type":"cond-expr","locations":[{"start":{"line":181,"column":46},"end":{"line":181,"column":55}},{"start":{"line":181,"column":58},"end":{"line":181,"column":78}}],"line":181},"30":{"loc":{"start":{"line":185,"column":4},"end":{"line":187,"column":5}},"type":"if","locations":[{"start":{"line":185,"column":4},"end":{"line":187,"column":5}},{"start":{},"end":{}}],"line":185},"31":{"loc":{"start":{"line":185,"column":8},"end":{"line":185,"column":53}},"type":"binary-expr","locations":[{"start":{"line":185,"column":8},"end":{"line":185,"column":33}},{"start":{"line":185,"column":37},"end":{"line":185,"column":53}}],"line":185},"32":{"loc":{"start":{"line":193,"column":2},"end":{"line":195,"column":3}},"type":"if","locations":[{"start":{"line":193,"column":2},"end":{"line":195,"column":3}},{"start":{},"end":{}}],"line":193},"33":{"loc":{"start":{"line":197,"column":2},"end":{"line":197,"column":48}},"type":"if","locations":[{"start":{"line":197,"column":2},"end":{"line":197,"column":48}},{"start":{},"end":{}}],"line":197},"34":{"loc":{"start":{"line":210,"column":2},"end":{"line":212,"column":3}},"type":"if","locations":[{"start":{"line":210,"column":2},"end":{"line":212,"column":3}},{"start":{},"end":{}}],"line":210},"35":{"loc":{"start":{"line":210,"column":6},"end":{"line":210,"column":63}},"type":"binary-expr","locations":[{"start":{"line":210,"column":6},"end":{"line":210,"column":36}},{"start":{"line":210,"column":40},"end":{"line":210,"column":63}}],"line":210},"36":{"loc":{"start":{"line":237,"column":9},"end":{"line":237,"column":27}},"type":"binary-expr","locations":[{"start":{"line":237,"column":9},"end":{"line":237,"column":21}},{"start":{"line":237,"column":25},"end":{"line":237,"column":27}}],"line":237},"37":{"loc":{"start":{"line":262,"column":2},"end":{"line":271,"column":3}},"type":"switch","locations":[{"start":{"line":263,"column":4},"end":{"line":264,"column":19}},{"start":{"line":265,"column":4},"end":{"line":266,"column":20}},{"start":{"line":267,"column":4},"end":{"line":268,"column":19}},{"start":{"line":269,"column":4},"end":{"line":270,"column":19}}],"line":262},"38":{"loc":{"start":{"line":283,"column":2},"end":{"line":283,"column":26}},"type":"default-arg","locations":[{"start":{"line":283,"column":17},"end":{"line":283,"column":26}}],"line":283},"39":{"loc":{"start":{"line":286,"column":15},"end":{"line":286,"column":80}},"type":"binary-expr","locations":[{"start":{"line":286,"column":15},"end":{"line":286,"column":37}},{"start":{"line":286,"column":41},"end":{"line":286,"column":80}}],"line":286},"40":{"loc":{"start":{"line":292,"column":10},"end":{"line":292,"column":40}},"type":"binary-expr","locations":[{"start":{"line":292,"column":10},"end":{"line":292,"column":24}},{"start":{"line":292,"column":28},"end":{"line":292,"column":40}}],"line":292},"41":{"loc":{"start":{"line":294,"column":14},"end":{"line":294,"column":73}},"type":"cond-expr","locations":[{"start":{"line":294,"column":26},"end":{"line":294,"column":68}},{"start":{"line":294,"column":71},"end":{"line":294,"column":73}}],"line":294},"42":{"loc":{"start":{"line":326,"column":2},"end":{"line":344,"column":3}},"type":"switch","locations":[{"start":{"line":327,"column":4},"end":{"line":328,"column":27}},{"start":{"line":329,"column":4},"end":{"line":330,"column":24}},{"start":{"line":331,"column":4},"end":{"line":331,"column":18}},{"start":{"line":332,"column":4},"end":{"line":333,"column":22}},{"start":{"line":334,"column":4},"end":{"line":335,"column":27}},{"start":{"line":336,"column":4},"end":{"line":337,"column":22}},{"start":{"line":338,"column":4},"end":{"line":338,"column":21}},{"start":{"line":339,"column":4},"end":{"line":339,"column":23}},{"start":{"line":340,"column":4},"end":{"line":341,"column":23}},{"start":{"line":342,"column":4},"end":{"line":343,"column":23}}],"line":326},"43":{"loc":{"start":{"line":356,"column":2},"end":{"line":363,"column":3}},"type":"switch","locations":[{"start":{"line":357,"column":4},"end":{"line":358,"column":19}},{"start":{"line":359,"column":4},"end":{"line":360,"column":20}},{"start":{"line":361,"column":4},"end":{"line":362,"column":19}}],"line":356},"44":{"loc":{"start":{"line":377,"column":15},"end":{"line":377,"column":85}},"type":"binary-expr","locations":[{"start":{"line":377,"column":15},"end":{"line":377,"column":37}},{"start":{"line":377,"column":41},"end":{"line":377,"column":85}}],"line":377},"45":{"loc":{"start":{"line":383,"column":10},"end":{"line":383,"column":39}},"type":"binary-expr","locations":[{"start":{"line":383,"column":10},"end":{"line":383,"column":24}},{"start":{"line":383,"column":28},"end":{"line":383,"column":39}}],"line":383},"46":{"loc":{"start":{"line":385,"column":14},"end":{"line":385,"column":73}},"type":"cond-expr","locations":[{"start":{"line":385,"column":26},"end":{"line":385,"column":68}},{"start":{"line":385,"column":71},"end":{"line":385,"column":73}}],"line":385},"47":{"loc":{"start":{"line":402,"column":2},"end":{"line":416,"column":3}},"type":"switch","locations":[{"start":{"line":403,"column":4},"end":{"line":403,"column":21}},{"start":{"line":404,"column":4},"end":{"line":404,"column":23}},{"start":{"line":405,"column":4},"end":{"line":406,"column":19}},{"start":{"line":407,"column":4},"end":{"line":407,"column":23}},{"start":{"line":408,"column":4},"end":{"line":409,"column":19}},{"start":{"line":410,"column":4},"end":{"line":411,"column":19}},{"start":{"line":412,"column":4},"end":{"line":413,"column":20}},{"start":{"line":414,"column":4},"end":{"line":415,"column":19}}],"line":402},"48":{"loc":{"start":{"line":430,"column":15},"end":{"line":430,"column":85}},"type":"binary-expr","locations":[{"start":{"line":430,"column":15},"end":{"line":430,"column":37}},{"start":{"line":430,"column":41},"end":{"line":430,"column":85}}],"line":430},"49":{"loc":{"start":{"line":436,"column":10},"end":{"line":436,"column":40}},"type":"binary-expr","locations":[{"start":{"line":436,"column":10},"end":{"line":436,"column":24}},{"start":{"line":436,"column":28},"end":{"line":436,"column":40}}],"line":436},"50":{"loc":{"start":{"line":438,"column":14},"end":{"line":438,"column":73}},"type":"cond-expr","locations":[{"start":{"line":438,"column":26},"end":{"line":438,"column":68}},{"start":{"line":438,"column":71},"end":{"line":438,"column":73}}],"line":438},"51":{"loc":{"start":{"line":458,"column":18},"end":{"line":458,"column":62}},"type":"binary-expr","locations":[{"start":{"line":458,"column":18},"end":{"line":458,"column":53}},{"start":{"line":458,"column":57},"end":{"line":458,"column":62}}],"line":458},"52":{"loc":{"start":{"line":460,"column":4},"end":{"line":461,"column":87}},"type":"binary-expr","locations":[{"start":{"line":460,"column":4},"end":{"line":460,"column":25}},{"start":{"line":461,"column":4},"end":{"line":461,"column":87}}],"line":460},"53":{"loc":{"start":{"line":461,"column":15},"end":{"line":461,"column":85}},"type":"cond-expr","locations":[{"start":{"line":461,"column":25},"end":{"line":461,"column":56}},{"start":{"line":461,"column":59},"end":{"line":461,"column":85}}],"line":461},"54":{"loc":{"start":{"line":467,"column":10},"end":{"line":467,"column":65}},"type":"binary-expr","locations":[{"start":{"line":467,"column":10},"end":{"line":467,"column":23}},{"start":{"line":467,"column":28},"end":{"line":467,"column":64}}],"line":467},"55":{"loc":{"start":{"line":467,"column":28},"end":{"line":467,"column":64}},"type":"cond-expr","locations":[{"start":{"line":467,"column":38},"end":{"line":467,"column":49}},{"start":{"line":467,"column":52},"end":{"line":467,"column":64}}],"line":467},"56":{"loc":{"start":{"line":474,"column":59},"end":{"line":474,"column":80}},"type":"binary-expr","locations":[{"start":{"line":474,"column":59},"end":{"line":474,"column":72}},{"start":{"line":474,"column":76},"end":{"line":474,"column":80}}],"line":474},"57":{"loc":{"start":{"line":494,"column":48},"end":{"line":494,"column":69}},"type":"binary-expr","locations":[{"start":{"line":494,"column":48},"end":{"line":494,"column":61}},{"start":{"line":494,"column":65},"end":{"line":494,"column":69}}],"line":494},"58":{"loc":{"start":{"line":683,"column":31},"end":{"line":683,"column":112}},"type":"default-arg","locations":[{"start":{"line":683,"column":110},"end":{"line":683,"column":112}}],"line":683},"59":{"loc":{"start":{"line":684,"column":10},"end":{"line":684,"column":20}},"type":"default-arg","locations":[{"start":{"line":684,"column":18},"end":{"line":684,"column":20}}],"line":684},"60":{"loc":{"start":{"line":684,"column":22},"end":{"line":684,"column":32}},"type":"default-arg","locations":[{"start":{"line":684,"column":31},"end":{"line":684,"column":32}}],"line":684},"61":{"loc":{"start":{"line":684,"column":34},"end":{"line":684,"column":45}},"type":"default-arg","locations":[{"start":{"line":684,"column":43},"end":{"line":684,"column":45}}],"line":684},"62":{"loc":{"start":{"line":684,"column":47},"end":{"line":684,"column":56}},"type":"default-arg","locations":[{"start":{"line":684,"column":54},"end":{"line":684,"column":56}}],"line":684},"63":{"loc":{"start":{"line":685,"column":31},"end":{"line":685,"column":68}},"type":"cond-expr","locations":[{"start":{"line":685,"column":44},"end":{"line":685,"column":63}},{"start":{"line":685,"column":66},"end":{"line":685,"column":68}}],"line":685},"64":{"loc":{"start":{"line":685,"column":71},"end":{"line":685,"column":124}},"type":"cond-expr","locations":[{"start":{"line":685,"column":80},"end":{"line":685,"column":119}},{"start":{"line":685,"column":122},"end":{"line":685,"column":124}}],"line":685},"65":{"loc":{"start":{"line":685,"column":127},"end":{"line":685,"column":174}},"type":"cond-expr","locations":[{"start":{"line":685,"column":134},"end":{"line":685,"column":169}},{"start":{"line":685,"column":172},"end":{"line":685,"column":174}}],"line":685},"66":{"loc":{"start":{"line":698,"column":47},"end":{"line":698,"column":70}},"type":"default-arg","locations":[{"start":{"line":698,"column":68},"end":{"line":698,"column":70}}],"line":698},"67":{"loc":{"start":{"line":717,"column":13},"end":{"line":717,"column":60}},"type":"cond-expr","locations":[{"start":{"line":717,"column":20},"end":{"line":717,"column":55}},{"start":{"line":717,"column":58},"end":{"line":717,"column":60}}],"line":717},"68":{"loc":{"start":{"line":782,"column":2},"end":{"line":782,"column":55}},"type":"if","locations":[{"start":{"line":782,"column":2},"end":{"line":782,"column":55}},{"start":{},"end":{}}],"line":782},"69":{"loc":{"start":{"line":783,"column":2},"end":{"line":783,"column":42}},"type":"if","locations":[{"start":{"line":783,"column":2},"end":{"line":783,"column":42}},{"start":{},"end":{}}],"line":783},"70":{"loc":{"start":{"line":792,"column":12},"end":{"line":792,"column":54}},"type":"cond-expr","locations":[{"start":{"line":792,"column":24},"end":{"line":792,"column":49}},{"start":{"line":792,"column":52},"end":{"line":792,"column":54}}],"line":792},"71":{"loc":{"start":{"line":794,"column":12},"end":{"line":794,"column":86}},"type":"cond-expr","locations":[{"start":{"line":794,"column":52},"end":{"line":794,"column":81}},{"start":{"line":794,"column":84},"end":{"line":794,"column":86}}],"line":794},"72":{"loc":{"start":{"line":794,"column":12},"end":{"line":794,"column":49}},"type":"binary-expr","locations":[{"start":{"line":794,"column":12},"end":{"line":794,"column":23}},{"start":{"line":794,"column":27},"end":{"line":794,"column":49}}],"line":794},"73":{"loc":{"start":{"line":796,"column":12},"end":{"line":796,"column":34}},"type":"cond-expr","locations":[{"start":{"line":796,"column":20},"end":{"line":796,"column":29}},{"start":{"line":796,"column":32},"end":{"line":796,"column":34}}],"line":796},"74":{"loc":{"start":{"line":798,"column":14},"end":{"line":798,"column":28}},"type":"binary-expr","locations":[{"start":{"line":798,"column":14},"end":{"line":798,"column":20}},{"start":{"line":798,"column":24},"end":{"line":798,"column":28}}],"line":798},"75":{"loc":{"start":{"line":802,"column":4},"end":{"line":802,"column":50}},"type":"if","locations":[{"start":{"line":802,"column":4},"end":{"line":802,"column":50}},{"start":{},"end":{}}],"line":802},"76":{"loc":{"start":{"line":806,"column":2},"end":{"line":808,"column":3}},"type":"if","locations":[{"start":{"line":806,"column":2},"end":{"line":808,"column":3}},{"start":{},"end":{}}],"line":806},"77":{"loc":{"start":{"line":810,"column":14},"end":{"line":810,"column":57}},"type":"binary-expr","locations":[{"start":{"line":810,"column":14},"end":{"line":810,"column":51}},{"start":{"line":810,"column":55},"end":{"line":810,"column":57}}],"line":810},"78":{"loc":{"start":{"line":811,"column":2},"end":{"line":814,"column":3}},"type":"if","locations":[{"start":{"line":811,"column":2},"end":{"line":814,"column":3}},{"start":{},"end":{}}],"line":811},"79":{"loc":{"start":{"line":820,"column":8},"end":{"line":820,"column":36}},"type":"if","locations":[{"start":{"line":820,"column":8},"end":{"line":820,"column":36}},{"start":{},"end":{}}],"line":820},"80":{"loc":{"start":{"line":830,"column":4},"end":{"line":830,"column":51}},"type":"if","locations":[{"start":{"line":830,"column":4},"end":{"line":830,"column":51}},{"start":{},"end":{}}],"line":830},"81":{"loc":{"start":{"line":831,"column":10},"end":{"line":831,"column":66}},"type":"cond-expr","locations":[{"start":{"line":831,"column":34},"end":{"line":831,"column":35}},{"start":{"line":831,"column":38},"end":{"line":831,"column":66}}],"line":831},"82":{"loc":{"start":{"line":871,"column":10},"end":{"line":871,"column":83}},"type":"cond-expr","locations":[{"start":{"line":871,"column":38},"end":{"line":871,"column":78}},{"start":{"line":871,"column":81},"end":{"line":871,"column":83}}],"line":871},"83":{"loc":{"start":{"line":887,"column":2},"end":{"line":896,"column":3}},"type":"switch","locations":[{"start":{"line":888,"column":4},"end":{"line":889,"column":19}},{"start":{"line":890,"column":4},"end":{"line":891,"column":20}},{"start":{"line":892,"column":4},"end":{"line":893,"column":18}},{"start":{"line":894,"column":4},"end":{"line":895,"column":19}}],"line":887},"84":{"loc":{"start":{"line":911,"column":15},"end":{"line":911,"column":81}},"type":"binary-expr","locations":[{"start":{"line":911,"column":15},"end":{"line":911,"column":35}},{"start":{"line":911,"column":39},"end":{"line":911,"column":81}}],"line":911},"85":{"loc":{"start":{"line":917,"column":10},"end":{"line":917,"column":38}},"type":"binary-expr","locations":[{"start":{"line":917,"column":10},"end":{"line":917,"column":22}},{"start":{"line":917,"column":26},"end":{"line":917,"column":38}}],"line":917},"86":{"loc":{"start":{"line":937,"column":36},"end":{"line":937,"column":55}},"type":"default-arg","locations":[{"start":{"line":937,"column":53},"end":{"line":937,"column":55}}],"line":937},"87":{"loc":{"start":{"line":938,"column":25},"end":{"line":938,"column":78}},"type":"cond-expr","locations":[{"start":{"line":938,"column":34},"end":{"line":938,"column":73}},{"start":{"line":938,"column":76},"end":{"line":938,"column":78}}],"line":938},"88":{"loc":{"start":{"line":1035,"column":56},"end":{"line":1035,"column":106}},"type":"cond-expr","locations":[{"start":{"line":1035,"column":64},"end":{"line":1035,"column":101}},{"start":{"line":1035,"column":104},"end":{"line":1035,"column":106}}],"line":1035},"89":{"loc":{"start":{"line":1037,"column":2},"end":{"line":1037,"column":55}},"type":"if","locations":[{"start":{"line":1037,"column":2},"end":{"line":1037,"column":55}},{"start":{},"end":{}}],"line":1037},"90":{"loc":{"start":{"line":1043,"column":40},"end":{"line":1043,"column":54}},"type":"binary-expr","locations":[{"start":{"line":1043,"column":40},"end":{"line":1043,"column":46}},{"start":{"line":1043,"column":50},"end":{"line":1043,"column":54}}],"line":1043},"91":{"loc":{"start":{"line":1047,"column":4},"end":{"line":1047,"column":32}},"type":"if","locations":[{"start":{"line":1047,"column":4},"end":{"line":1047,"column":32}},{"start":{},"end":{}}],"line":1047},"92":{"loc":{"start":{"line":1051,"column":2},"end":{"line":1053,"column":3}},"type":"if","locations":[{"start":{"line":1051,"column":2},"end":{"line":1053,"column":3}},{"start":{},"end":{}}],"line":1051},"93":{"loc":{"start":{"line":1054,"column":2},"end":{"line":1057,"column":3}},"type":"if","locations":[{"start":{"line":1054,"column":2},"end":{"line":1057,"column":3}},{"start":{},"end":{}}],"line":1054},"94":{"loc":{"start":{"line":1065,"column":10},"end":{"line":1065,"column":30}},"type":"if","locations":[{"start":{"line":1065,"column":10},"end":{"line":1065,"column":30}},{"start":{},"end":{}}],"line":1065},"95":{"loc":{"start":{"line":1073,"column":4},"end":{"line":1073,"column":32}},"type":"if","locations":[{"start":{"line":1073,"column":4},"end":{"line":1073,"column":32}},{"start":{},"end":{}}],"line":1073},"96":{"loc":{"start":{"line":1074,"column":10},"end":{"line":1074,"column":66}},"type":"cond-expr","locations":[{"start":{"line":1074,"column":34},"end":{"line":1074,"column":35}},{"start":{"line":1074,"column":38},"end":{"line":1074,"column":66}}],"line":1074}},"s":{"0":6,"1":6,"2":6,"3":6,"4":6,"5":44,"6":184,"7":184,"8":214,"9":214,"10":176,"11":38,"12":7,"13":1,"14":6,"15":6,"16":1,"17":5,"18":64,"19":64,"20":42,"21":3,"22":39,"23":3,"24":36,"25":9,"26":27,"27":1,"28":26,"29":5,"30":21,"31":42,"32":42,"33":41,"34":3,"35":38,"36":34,"37":4,"38":1,"39":144,"40":144,"41":144,"42":144,"43":144,"44":144,"45":125,"46":144,"47":2,"48":144,"49":64,"50":144,"51":144,"52":12,"53":144,"54":1,"55":1,"56":0,"57":0,"58":144,"59":144,"60":16,"61":12,"62":4,"63":144,"64":128,"65":40,"66":88,"67":2,"68":86,"69":3,"70":3,"71":1,"72":2,"73":2,"74":3,"75":5,"76":2,"77":2,"78":1,"79":2,"80":0,"81":2,"82":0,"83":0,"84":6,"85":6,"86":6,"87":6,"88":6,"89":2,"90":17,"91":1,"92":1,"93":2,"94":1,"95":1,"96":3,"97":8,"98":2,"99":2,"100":0,"101":0,"102":3,"103":3,"104":3,"105":3,"106":3,"107":1,"108":0,"109":1,"110":0,"111":0,"112":0,"113":3,"114":3,"115":3,"116":3,"117":3,"118":8,"119":8,"120":8,"121":8,"122":8,"123":6,"124":6,"125":4,"126":3,"127":1,"128":1,"129":2,"130":4,"131":2,"132":2,"133":2,"134":2,"135":2,"136":3,"137":2,"138":2,"139":3,"140":6,"141":6,"142":6,"143":2,"144":3,"145":2,"146":2,"147":2,"148":2,"149":2,"150":1,"151":1,"152":1,"153":13,"154":13,"155":13,"156":13,"157":13,"158":13,"159":1,"160":13,"161":13,"162":2,"163":1,"164":1,"165":11,"166":1,"167":10,"168":10,"169":1,"170":9,"171":9,"172":14,"173":9,"174":5,"175":5,"176":0,"177":0,"178":0,"179":9,"180":1,"181":2,"182":1,"183":4,"184":1,"185":0,"186":1,"187":0,"188":0,"189":1,"190":5,"191":5,"192":5,"193":5,"194":2,"195":2,"196":2,"197":1,"198":2,"199":3,"200":5,"201":4,"202":3,"203":8,"204":8,"205":8,"206":8,"207":7,"208":8,"209":8,"210":2,"211":1,"212":1,"213":6,"214":1,"215":5,"216":1,"217":4,"218":4,"219":7,"220":7,"221":6,"222":5,"223":0,"224":0,"225":0},"f":{"0":44,"1":184,"2":214,"3":7,"4":64,"5":42,"6":42,"7":144,"8":12,"9":0,"10":3,"11":3,"12":5,"13":2,"14":1,"15":2,"16":6,"17":2,"18":17,"19":2,"20":3,"21":1,"22":3,"23":8,"24":6,"25":3,"26":1,"27":1,"28":2,"29":4,"30":2,"31":2,"32":2,"33":2,"34":2,"35":3,"36":2,"37":2,"38":3,"39":6,"40":2,"41":3,"42":2,"43":2,"44":2,"45":2,"46":1,"47":1,"48":1,"49":13,"50":14,"51":1,"52":2,"53":1,"54":4,"55":1,"56":1,"57":5,"58":2,"59":2,"60":1,"61":2,"62":3,"63":5,"64":4,"65":3,"66":8,"67":7},"b":{"0":[176,38],"1":[1,6],"2":[1,5],"3":[4,1],"4":[1,5],"5":[1,4],"6":[3,39],"7":[3,36],"8":[9,27],"9":[1,26],"10":[5,21],"11":[21,1],"12":[3,38],"13":[3,0],"14":[34,4],"15":[4,4],"16":[42],"17":[45],"18":[88],"19":[1,143],"20":[125,19],"21":[2,142],"22":[144,142],"23":[64,80],"24":[144,64],"25":[56,88],"26":[1,143],"27":[1,0],"28":[144,119],"29":[55,64],"30":[12,4],"31":[16,13],"32":[40,88],"33":[2,86],"34":[1,2],"35":[3,2],"36":[2,1],"37":[0,2,0,0],"38":[3],"39":[6,1],"40":[6,4],"41":[1,5],"42":[1,1,1,2,1,1,1,2,3,8],"43":[2,0,0],"44":[3,1],"45":[3,1],"46":[1,2],"47":[0,0,0,1,1,0,0,0],"48":[3,1],"49":[3,1],"50":[1,2],"51":[8,0],"52":[8,2],"53":[1,1],"54":[8,0],"55":[0,0],"56":[6,5],"57":[4,2],"58":[1],"59":[2],"60":[3],"61":[4],"62":[6],"63":[2,4],"64":[2,4],"65":[0,6],"66":[2],"67":[1,1],"68":[13,0],"69":[1,12],"70":[1,12],"71":[2,11],"72":[13,3],"73":[2,11],"74":[13,12],"75":[1,1],"76":[1,10],"77":[10,0],"78":[1,9],"79":[9,5],"80":[0,0],"81":[0,0],"82":[2,2],"83":[0,1,0,0],"84":[5,1],"85":[5,0],"86":[1],"87":[1,1],"88":[7,1],"89":[7,1],"90":[8,7],"91":[1,1],"92":[1,5],"93":[1,4],"94":[5,1],"95":[0,0],"96":[0,0]},"_coverageSchema":"1a1c01bbd47fc00a2c39e90264f33305004495a9","hash":"1b6f27bf5e66776b3fd9f90b33fd53ea2057eb0e"}
[...]
,"/Users/wangzhenyu/Desktop/ALLProject/ToIV/Mobile/src/lib/sse.ts": {"path":"/Users/wangzhenyu/Desktop/ALLProject/ToIV/Mobile/src/lib/sse.ts","statementMap":{"0":{"start":{"line":25,"column":18},"end":{"line":25,"column":35}},"1":{"start":{"line":26,"column":15},"end":{"line":26,"column":17}},"2":{"start":{"line":27,"column":18},"end":{"line":27,"column":27}},"3":{"start":{"line":28,"column":28},"end":{"line":28,"column":30}},"4":{"start":{"line":30,"column":19},"end":{"line":35,"column":3}},"5":{"start":{"line":32,"column":4},"end":{"line":32,"column":71}},"6":{"start":{"line":32,"column":30},"end":{"line":32,"column":71}},"7":{"start":{"line":33,"column":4},"end":{"line":33,"column":26}},"8":{"start":{"line":34,"column":4},"end":{"line":34,"column":19}},"9":{"start":{"line":37,"column":22},"end":{"line":50,"column":3}},"10":{"start":{"line":38,"column":4},"end":{"line":41,"column":5}},"11":{"start":{"line":39,"column":6},"end":{"line":39,"column":17}},"12":{"start":{"line":40,"column":6},"end":{"line":40,"column":13}},"13":{"start":{"line":42,"column":4},"end":{"line":42,"column":37}},"14":{"start":{"line":42,"column":30},"end":{"line":42,"column":37}},"15":{"start":{"line":43,"column":18},"end":{"line":43,"column":35}},"16":{"start":{"line":44,"column":18},"end":{"line":44,"column":60}},"17":{"start":{"line":45,"column":16},"end":{"line":45,"column":57}},"18":{"start":{"line":46,"column":4},"end":{"line":46,"column":54}},"19":{"start":{"line":46,"column":31},"end":{"line":46,"column":54}},"20":{"start":{"line":47,"column":4},"end":{"line":48,"column":53}},"21":{"start":{"line":47,"column":27},"end":{"line":47,"column":45}},"22":{"start":{"line":48,"column":9},"end":{"line":48,"column":53}},"23":{"start":{"line":48,"column":31},"end":{"line":48,"column":53}},"24":{"start":{"line":52,"column":2},"end":{"line":55,"column":3}},"25":{"start":{"line":53,"column":4},"end":{"line":53,"column":26}},"26":{"start":{"line":54,"column":4},"end":{"line":54,"column":11}},"27":{"start":{"line":56,"column":18},"end":{"line":58,"column":3}},"28":{"start":{"line":57,"column":4},"end":{"line":57,"column":25}},"29":{"start":{"line":59,"column":2},"end":{"line":59,"column":61}},"30":{"start":{"line":61,"column":2},"end":{"line":76,"column":3}},"31":{"start":{"line":62,"column":4},"end":{"line":70,"column":5}},"32":{"start":{"line":63,"column":30},"end":{"line":63,"column":49}},"33":{"start":{"line":64,"column":6},"end":{"line":64,"column":22}},"34":{"start":{"line":64,"column":16},"end":{"line":64,"column":22}},"35":{"start":{"line":65,"column":6},"end":{"line":65,"column":56}},"36":{"start":{"line":66,"column":20},"end":{"line":66,"column":46}},"37":{"start":{"line":67,"column":6},"end":{"line":67,"column":33}},"38":{"start":{"line":68,"column":6},"end":{"line":68,"column":50}},"39":{"start":{"line":68,"column":32},"end":{"line":68,"column":50}},"40":{"start":{"line":69,"column":6},"end":{"line":69,"column":34}},"41":{"start":{"line":69,"column":27},"end":{"line":69,"column":34}},"42":{"start":{"line":72,"column":4},"end":{"line":72,"column":31}},"43":{"start":{"line":73,"column":4},"end":{"line":73,"column":36}},"44":{"start":{"line":73,"column":16},"end":{"line":73,"column":36}},"45":{"start":{"line":75,"column":4},"end":{"line":75,"column":50}}},"fnMap":{"0":{"name":"parseSseStream","decl":{"start":{"line":20,"column":22},"end":{"line":20,"column":36}},"loc":{"start":{"line":24,"column":17},"end":{"line":77,"column":1}},"line":24},"1":{"name":"(anonymous_1)","decl":{"start":{"line":30,"column":19},"end":{"line":30,"column":20}},"loc":{"start":{"line":30,"column":31},"end":{"line":35,"column":3}},"line":30},"2":{"name":"(anonymous_2)","decl":{"start":{"line":37,"column":22},"end":{"line":37,"column":23}},"loc":{"start":{"line":37,"column":46},"end":{"line":50,"column":3}},"line":37},"3":{"name":"(anonymous_3)","decl":{"start":{"line":56,"column":18},"end":{"line":56,"column":19}},"loc":{"start":{"line":56,"column":30},"end":{"line":58,"column":3}},"line":56}},"branchMap":{"0":{"loc":{"start":{"line":32,"column":4},"end":{"line":32,"column":71}},"type":"if","locations":[{"start":{"line":32,"column":4},"end":{"line":32,"column":71}},{"start":{},"end":{}}],"line":32},"1":{"loc":{"start":{"line":38,"column":4},"end":{"line":41,"column":5}},"type":"if","locations":[{"start":{"line":38,"column":4},"end":{"line":41,"column":5}},{"start":{},"end":{}}],"line":38},"2":{"loc":{"start":{"line":42,"column":4},"end":{"line":42,"column":37}},"type":"if","locations":[{"start":{"line":42,"column":4},"end":{"line":42,"column":37}},{"start":{},"end":{}}],"line":42},"3":{"loc":{"start":{"line":44,"column":18},"end":{"line":44,"column":60}},"type":"cond-expr","locations":[{"start":{"line":44,"column":33},"end":{"line":44,"column":37}},{"start":{"line":44,"column":40},"end":{"line":44,"column":60}}],"line":44},"4":{"loc":{"start":{"line":45,"column":16},"end":{"line":45,"column":57}},"type":"cond-expr","locations":[{"start":{"line":45,"column":31},"end":{"line":45,"column":33}},{"start":{"line":45,"column":36},"end":{"line":45,"column":57}}],"line":45},"5":{"loc":{"start":{"line":46,"column":4},"end":{"line":46,"column":54}},"type":"if","locations":[{"start":{"line":46,"column":4},"end":{"line":46,"column":54}},{"start":{},"end":{}}],"line":46},"6":{"loc":{"start":{"line":47,"column":4},"end":{"line":48,"column":53}},"type":"if","locations":[{"start":{"line":47,"column":4},"end":{"line":48,"column":53}},{"start":{"line":48,"column":9},"end":{"line":48,"column":53}}],"line":47},"7":{"loc":{"start":{"line":48,"column":9},"end":{"line":48,"column":53}},"type":"if","locations":[{"start":{"line":48,"column":9},"end":{"line":48,"column":53}},{"start":{},"end":{}}],"line":48},"8":{"loc":{"start":{"line":52,"column":2},"end":{"line":55,"column":3}},"type":"if","locations":[{"start":{"line":52,"column":2},"end":{"line":55,"column":3}},{"start":{},"end":{}}],"line":52},"9":{"loc":{"start":{"line":64,"column":6},"end":{"line":64,"column":22}},"type":"if","locations":[{"start":{"line":64,"column":6},"end":{"line":64,"column":22}},{"start":{},"end":{}}],"line":64},"10":{"loc":{"start":{"line":67,"column":15},"end":{"line":67,"column":32}},"type":"binary-expr","locations":[{"start":{"line":67,"column":15},"end":{"line":67,"column":26}},{"start":{"line":67,"column":30},"end":{"line":67,"column":32}}],"line":67},"11":{"loc":{"start":{"line":69,"column":6},"end":{"line":69,"column":34}},"type":"if","locations":[{"start":{"line":69,"column":6},"end":{"line":69,"column":34}},{"start":{},"end":{}}],"line":69},"12":{"loc":{"start":{"line":73,"column":4},"end":{"line":73,"column":36}},"type":"if","locations":[{"start":{"line":73,"column":4},"end":{"line":73,"column":36}},{"start":{},"end":{}}],"line":73}},"s":{"0":37,"1":37,"2":37,"3":37,"4":37,"5":56,"6":53,"7":56,"8":56,"9":37,"10":163,"11":56,"12":56,"13":107,"14":1,"15":106,"16":106,"17":106,"18":106,"19":106,"20":106,"21":51,"22":55,"23":55,"24":37,"25":1,"26":1,"27":36,"28":13,"29":36,"30":36,"31":36,"32":69,"33":69,"34":28,"35":41,"36":41,"37":41,"38":41,"39":162,"40":41,"41":8,"42":28,"43":28,"44":1,"45":36},"f":{"0":37,"1":56,"2":163,"3":13},"b":{"0":[53,3],"1":[56,107],"2":[1,106],"3":[0,106],"4":[0,106],"5":[106,0],"6":[51,55],"7":[55,0],"8":[1,36],"9":[28,41],"10":[41,0],"11":[8,33],"12":[1,27]},"_coverageSchema":"1a1c01bbd47fc00a2c39e90264f33305004495a9","hash":"7da9aec0cf52bf28167c1d152c041211aef80852"}
,"/Users/wangzhenyu/Desktop/ALLProject/ToIV/Mobile/src/stores/auth.ts": {"path":"/Users/wangzhenyu/Desktop/ALLProject/ToIV/Mobile/src/stores/auth.ts","statementMap":{"0":{"start":{"line":14,"column":24},"end":{"line":14,"column":41}},"1":{"start":{"line":28,"column":14},"end":{"line":28,"column":48}},"2":{"start":{"line":29,"column":2},"end":{"line":29,"column":24}},"3":{"start":{"line":29,"column":12},"end":{"line":29,"column":24}},"4":{"start":{"line":30,"column":2},"end":{"line":35,"column":3}},"5":{"start":{"line":31,"column":4},"end":{"line":31,"column":38}},"6":{"start":{"line":34,"column":4},"end":{"line":34,"column":16}},"7":{"start":{"line":39,"column":2},"end":{"line":40,"column":39}},"8":{"start":{"line":39,"column":12},"end":{"line":39,"column":63}},"9":{"start":{"line":40,"column":7},"end":{"line":40,"column":39}},"10":{"start":{"line":43,"column":28},"end":{"line":84,"column":3}},"11":{"start":{"line":43,"column":58},"end":{"line":84,"column":1}},"12":{"start":{"line":48,"column":18},"end":{"line":48,"column":34}},"13":{"start":{"line":49,"column":4},"end":{"line":52,"column":5}},"14":{"start":{"line":50,"column":6},"end":{"line":50,"column":47}},"15":{"start":{"line":51,"column":6},"end":{"line":51,"column":13}},"16":{"start":{"line":53,"column":4},"end":{"line":69,"column":5}},"17":{"start":{"line":54,"column":17},"end":{"line":54,"column":32}},"18":{"start":{"line":55,"column":6},"end":{"line":55,"column":31}},"19":{"start":{"line":56,"column":6},"end":{"line":56,"column":49}},"20":{"start":{"line":58,"column":6},"end":{"line":64,"column":7}},"21":{"start":{"line":60,"column":8},"end":{"line":60,"column":23}},"22":{"start":{"line":61,"column":8},"end":{"line":61,"column":30}},"23":{"start":{"line":62,"column":8},"end":{"line":62,"column":49}},"24":{"start":{"line":63,"column":8},"end":{"line":63,"column":15}},"25":{"start":{"line":66,"column":21},"end":{"line":66,"column":37}},"26":{"start":{"line":67,"column":6},"end":{"line":68,"column":52}},"27":{"start":{"line":67,"column":18},"end":{"line":67,"column":60}},"28":{"start":{"line":68,"column":11},"end":{"line":68,"column":52}},"29":{"start":{"line":73,"column":19},"end":{"line":73,"column":47}},"30":{"start":{"line":74,"column":4},"end":{"line":74,"column":33}},"31":{"start":{"line":75,"column":4},"end":{"line":75,"column":51}},"32":{"start":{"line":79,"column":4},"end":{"line":79,"column":26}},"33":{"start":{"line":80,"column":4},"end":{"line":80,"column":19}},"34":{"start":{"line":81,"column":4},"end":{"line":81,"column":26}},"35":{"start":{"line":82,"column":4},"end":{"line":82,"column":45}}},"fnMap":{"0":{"name":"readCachedUser","decl":{"start":{"line":27,"column":9},"end":{"line":27,"column":23}},"loc":{"start":{"line":27,"column":42},"end":{"line":36,"column":1}},"line":27},"1":{"name":"writeCachedUser","decl":{"start":{"line":38,"column":9},"end":{"line":38,"column":24}},"loc":{"start":{"line":38,"column":53},"end":{"line":41,"column":1}},"line":38},"2":{"name":"(anonymous_2)","decl":{"start":{"line":43,"column":48},"end":{"line":43,"column":49}},"loc":{"start":{"line":43,"column":58},"end":{"line":84,"column":1}},"line":43},"3":{"name":"(anonymous_3)","decl":{"start":{"line":47,"column":11},"end":{"line":47,"column":12}},"loc":{"start":{"line":47,"column":23},"end":{"line":70,"column":3}},"line":47},"4":{"name":"(anonymous_4)","decl":{"start":{"line":72,"column":10},"end":{"line":72,"column":11}},"loc":{"start":{"line":72,"column":37},"end":{"line":76,"column":3}},"line":72},"5":{"name":"(anonymous_5)","decl":{"start":{"line":78,"column":11},"end":{"line":78,"column":12}},"loc":{"start":{"line":78,"column":23},"end":{"line":83,"column":3}},"line":78}},"branchMap":{"0":{"loc":{"start":{"line":29,"column":2},"end":{"line":29,"column":24}},"type":"if","locations":[{"start":{"line":29,"column":2},"end":{"line":29,"column":24}},{"start":{},"end":{}}],"line":29},"1":{"loc":{"start":{"line":39,"column":2},"end":{"line":40,"column":39}},"type":"if","locations":[{"start":{"line":39,"column":2},"end":{"line":40,"column":39}},{"start":{"line":40,"column":7},"end":{"line":40,"column":39}}],"line":39},"2":{"loc":{"start":{"line":49,"column":4},"end":{"line":52,"column":5}},"type":"if","locations":[{"start":{"line":49,"column":4},"end":{"line":52,"column":5}},{"start":{},"end":{}}],"line":49},"3":{"loc":{"start":{"line":58,"column":6},"end":{"line":64,"column":7}},"type":"if","locations":[{"start":{"line":58,"column":6},"end":{"line":64,"column":7}},{"start":{},"end":{}}],"line":58},"4":{"loc":{"start":{"line":58,"column":10},"end":{"line":58,"column":55}},"type":"binary-expr","locations":[{"start":{"line":58,"column":10},"end":{"line":58,"column":33}},{"start":{"line":58,"column":37},"end":{"line":58,"column":55}}],"line":58},"5":{"loc":{"start":{"line":67,"column":6},"end":{"line":68,"column":52}},"type":"if","locations":[{"start":{"line":67,"column":6},"end":{"line":68,"column":52}},{"start":{"line":68,"column":11},"end":{"line":68,"column":52}}],"line":67}},"s":{"0":2,"1":2,"2":2,"3":1,"4":1,"5":1,"6":0,"7":6,"8":2,"9":4,"10":2,"11":2,"12":5,"13":5,"14":1,"15":1,"16":4,"17":4,"18":1,"19":1,"20":3,"21":1,"22":1,"23":1,"24":1,"25":2,"26":2,"27":1,"28":1,"29":1,"30":1,"31":1,"32":3,"33":3,"34":3,"35":3},"f":{"0":2,"1":6,"2":2,"3":5,"4":1,"5":3},"b":{"0":[1,1],"1":[2,4],"2":[1,4],"3":[1,2],"4":[3,3],"5":[1,1]},"_coverageSchema":"1a1c01bbd47fc00a2c39e90264f33305004495a9","hash":"95a60f9df54d869131dd226e207f7f9d824b1575"}
,"/Users/wangzhenyu/Desktop/ALLProject/ToIV/Mobile/src/stores/generation-draft.ts": {"path":"/Users/wangzhenyu/Desktop/ALLProject/ToIV/Mobile/src/stores/generation-draft.ts","statementMap":{"0":{"start":{"line":20,"column":34},"end":{"line":28,"column":3}},"1":{"start":{"line":20,"column":78},"end":{"line":28,"column":1}},"2":{"start":{"line":22,"column":23},"end":{"line":22,"column":37}},"3":{"start":{"line":24,"column":22},"end":{"line":24,"column":27}},"4":{"start":{"line":25,"column":4},"end":{"line":25,"column":36}},"5":{"start":{"line":25,"column":15},"end":{"line":25,"column":36}},"6":{"start":{"line":26,"column":4},"end":{"line":26,"column":17}}},"fnMap":{"0":{"name":"(anonymous_0)","decl":{"start":{"line":20,"column":63},"end":{"line":20,"column":64}},"loc":{"start":{"line":20,"column":78},"end":{"line":28,"column":1}},"line":20},"1":{"name":"(anonymous_1)","decl":{"start":{"line":22,"column":12},"end":{"line":22,"column":13}},"loc":{"start":{"line":22,"column":23},"end":{"line":22,"column":37}},"line":22},"2":{"name":"(anonymous_2)","decl":{"start":{"line":23,"column":16},"end":{"line":23,"column":17}},"loc":{"start":{"line":23,"column":22},"end":{"line":27,"column":3}},"line":23}},"branchMap":{"0":{"loc":{"start":{"line":25,"column":4},"end":{"line":25,"column":36}},"type":"if","locations":[{"start":{"line":25,"column":4},"end":{"line":25,"column":36}},{"start":{},"end":{}}],"line":25}},"s":{"0":6,"1":6,"2":5,"3":61,"4":61,"5":3,"6":61},"f":{"0":6,"1":5,"2":61},"b":{"0":[3,58]},"_coverageSchema":"1a1c01bbd47fc00a2c39e90264f33305004495a9","hash":"2a0143cf627553c62a977aac859956c9026b7b28"}
,"/Users/wangzhenyu/Desktop/ALLProject/ToIV/Mobile/src/stores/settings.ts": {"path":"/Users/wangzhenyu/Desktop/ALLProject/ToIV/Mobile/src/stores/settings.ts","statementMap":{"0":{"start":{"line":33,"column":2},"end":{"line":33,"column":44}},"1":{"start":{"line":34,"column":2},"end":{"line":34,"column":37}},"2":{"start":{"line":37,"column":32},"end":{"line":70,"column":1}},"3":{"start":{"line":39,"column":14},"end":{"line":54,"column":5}},"4":{"start":{"line":44,"column":26},"end":{"line":44,"column":48}},"5":{"start":{"line":45,"column":25},"end":{"line":45,"column":38}},"6":{"start":{"line":47,"column":8},"end":{"line":47,"column":39}},"7":{"start":{"line":48,"column":8},"end":{"line":48,"column":104}},"8":{"start":{"line":51,"column":8},"end":{"line":51,"column":32}},"9":{"start":{"line":52,"column":8},"end":{"line":52,"column":107}},"10":{"start":{"line":57,"column":39},"end":{"line":57,"column":53}},"11":{"start":{"line":58,"column":26},"end":{"line":63,"column":7}},"12":{"start":{"line":64,"column":32},"end":{"line":67,"column":7}},"13":{"start":{"line":66,"column":8},"end":{"line":66,"column":43}},"14":{"start":{"line":66,"column":19},"end":{"line":66,"column":43}}},"fnMap":{"0":{"name":"applySideEffects","decl":{"start":{"line":29,"column":9},"end":{"line":29,"column":25}},"loc":{"start":{"line":32,"column":9},"end":{"line":35,"column":1}},"line":32},"1":{"name":"(anonymous_1)","decl":{"start":{"line":39,"column":4},"end":{"line":39,"column":5}},"loc":{"start":{"line":39,"column":14},"end":{"line":54,"column":5}},"line":39},"2":{"name":"(anonymous_2)","decl":{"start":{"line":44,"column":18},"end":{"line":44,"column":19}},"loc":{"start":{"line":44,"column":26},"end":{"line":44,"column":48}},"line":44},"3":{"name":"(anonymous_3)","decl":{"start":{"line":45,"column":15},"end":{"line":45,"column":16}},"loc":{"start":{"line":45,"column":25},"end":{"line":45,"column":38}},"line":45},"4":{"name":"(anonymous_4)","decl":{"start":{"line":46,"column":18},"end":{"line":46,"column":19}},"loc":{"start":{"line":46,"column":28},"end":{"line":49,"column":7}},"line":46},"5":{"name":"(anonymous_5)","decl":{"start":{"line":50,"column":15},"end":{"line":50,"column":16}},"loc":{"start":{"line":50,"column":23},"end":{"line":53,"column":7}},"line":50},"6":{"name":"(anonymous_6)","decl":{"start":{"line":57,"column":33},"end":{"line":57,"column":34}},"loc":{"start":{"line":57,"column":39},"end":{"line":57,"column":53}},"line":57},"7":{"name":"(anonymous_7)","decl":{"start":{"line":58,"column":18},"end":{"line":58,"column":19}},"loc":{"start":{"line":58,"column":26},"end":{"line":63,"column":7}},"line":58},"8":{"name":"(anonymous_8)","decl":{"start":{"line":64,"column":26},"end":{"line":64,"column":27}},"loc":{"start":{"line":64,"column":32},"end":{"line":67,"column":7}},"line":64},"9":{"name":"(anonymous_9)","decl":{"start":{"line":64,"column":32},"end":{"line":64,"column":33}},"loc":{"start":{"line":64,"column":43},"end":{"line":67,"column":7}},"line":64}},"branchMap":{"0":{"loc":{"start":{"line":66,"column":8},"end":{"line":66,"column":43}},"type":"if","locations":[{"start":{"line":66,"column":8},"end":{"line":66,"column":43}},{"start":{},"end":{}}],"line":66}},"s":{"0":23,"1":22,"2":19,"3":19,"4":2,"5":2,"6":2,"7":2,"8":1,"9":1,"10":19,"11":46,"12":20,"13":33,"14":20},"f":{"0":23,"1":19,"2":2,"3":2,"4":2,"5":1,"6":19,"7":46,"8":20,"9":33},"b":{"0":[20,13]},"_coverageSchema":"1a1c01bbd47fc00a2c39e90264f33305004495a9","hash":"fcde9de01f1ec4f44bc17d988024044e3441c412"}
}
