TN:
SF:src/lib/agent-run.ts
FN:32,runStatusMeta
FN:58,taskStatusMeta
FN:74,taskKindLabel
FN:91,extractTaskMedia
FN:93,(anonymous_4)
FN:126,primaryInputText
FN:140,taskDurationSec
FN:170,buildPlanOps
FN:204,isRecord
FN:208,str
FN:212,toBrief
FN:232,toAgentRunEvent
FN:240,(anonymous_12)
FNF:13
FNH:13
FNDA:202,runStatusMeta
FNDA:294,taskStatusMeta
FNDA:206,taskKindLabel
FNDA:197,extractTaskMedia
FNDA:925,(anonymous_4)
FNDA:52,primaryInputText
FNDA:325,taskDurationSec
FNDA:15,buildPlanOps
FNDA:30,isRecord
FNDA:58,str
FNDA:3,toBrief
FNDA:25,toAgentRunEvent
FNDA:3,(anonymous_12)
DA:22,9
DA:33,202
DA:37,9
DA:47,9
DA:59,294
DA:63,9
DA:75,206
DA:92,197
DA:93,195
DA:94,925
DA:95,2196
DA:96,2196
DA:98,894
DA:100,195
DA:101,195
DA:102,192
DA:103,192
DA:104,186
DA:105,186
DA:106,183
DA:107,183
DA:109,13
DA:110,7
DA:111,2
DA:113,170
DA:114,170
DA:115,1
DA:117,169
DA:118,169
DA:119,163
DA:130,52
DA:131,50
DA:132,113
DA:133,113
DA:136,5
DA:141,325
DA:142,325
DA:159,9
DA:174,15
DA:175,15
DA:176,36
DA:177,3
DA:178,3
DA:180,33
DA:181,33
DA:182,12
DA:183,12
DA:184,12
DA:185,6
DA:187,12
DA:189,15
DA:190,3
DA:197,15
DA:202,9
DA:205,30
DA:209,58
DA:213,3
DA:214,1
DA:216,2
DA:233,25
DA:234,20
DA:236,5
DA:237,4
DA:239,2
DA:240,3
DA:241,1
DA:244,5
DA:245,4
DA:257,3
DA:258,2
DA:260,2
DA:261,1
DA:263,3
DA:264,2
DA:266,0
LF:75
LH:74
BRDA:33,0,0,202
BRDA:33,0,1,38
BRDA:33,1,0,38
BRDA:33,1,1,37
BRDA:59,2,0,294
BRDA:59,2,1,2
BRDA:59,3,0,2
BRDA:59,3,1,1
BRDA:75,4,0,206
BRDA:75,4,1,1
BRDA:92,5,0,2
BRDA:92,5,1,195
BRDA:92,6,0,197
BRDA:92,6,1,195
BRDA:96,7,0,31
BRDA:96,7,1,2165
BRDA:96,8,0,2196
BRDA:96,8,1,34
BRDA:101,9,0,3
BRDA:101,9,1,192
BRDA:103,10,0,6
BRDA:103,10,1,186
BRDA:105,11,0,3
BRDA:105,11,1,183
BRDA:107,12,0,13
BRDA:107,12,1,170
BRDA:109,13,0,6
BRDA:109,13,1,7
BRDA:110,14,0,5
BRDA:110,14,1,2
BRDA:114,15,0,1
BRDA:114,15,1,169
BRDA:114,16,0,170
BRDA:114,16,1,3
BRDA:114,16,2,2
BRDA:118,17,0,6
BRDA:118,17,1,163
BRDA:130,18,0,50
BRDA:130,18,1,2
BRDA:130,19,0,52
BRDA:130,19,1,50
BRDA:133,20,0,47
BRDA:133,20,1,66
BRDA:142,21,0,28
BRDA:142,21,1,297
BRDA:142,22,0,325
BRDA:142,22,1,28
BRDA:142,22,2,28
BRDA:176,23,0,3
BRDA:176,23,1,33
BRDA:181,24,0,21
BRDA:181,24,1,12
BRDA:183,25,0,6
BRDA:183,25,1,6
BRDA:184,26,0,6
BRDA:184,26,1,6
BRDA:185,27,0,6
BRDA:185,27,1,4
BRDA:193,28,0,3
BRDA:193,28,1,2
BRDA:205,29,0,30
BRDA:205,29,1,26
BRDA:205,29,2,25
BRDA:213,30,0,1
BRDA:213,30,1,2
BRDA:213,31,0,3
BRDA:213,31,1,3
BRDA:213,31,2,3
BRDA:213,31,3,3
BRDA:213,31,4,2
BRDA:220,32,0,1
BRDA:220,32,1,1
BRDA:233,33,0,5
BRDA:233,33,1,20
BRDA:233,34,0,25
BRDA:233,34,1,23
BRDA:234,35,0,5
BRDA:234,35,1,2
BRDA:234,35,2,5
BRDA:234,35,3,3
BRDA:234,35,4,2
BRDA:234,35,5,3
BRDA:234,35,6,0
BRDA:236,36,0,1
BRDA:236,36,1,4
BRDA:237,37,0,3
BRDA:237,37,1,1
BRDA:239,38,0,1
BRDA:239,38,1,1
BRDA:244,39,0,1
BRDA:244,39,1,4
BRDA:248,40,0,3
BRDA:248,40,1,1
BRDA:249,41,0,1
BRDA:249,41,1,3
BRDA:250,42,0,3
BRDA:250,42,1,1
BRDA:251,43,0,1
BRDA:251,43,1,3
BRDA:252,44,0,1
BRDA:252,44,1,3
BRDA:253,45,0,1
BRDA:253,45,1,3
BRDA:257,46,0,1
BRDA:257,46,1,2
BRDA:257,47,0,3
BRDA:257,47,1,3
BRDA:257,47,2,3
BRDA:260,48,0,1
BRDA:260,48,1,1
BRDA:260,49,0,2
BRDA:260,49,1,2
BRDA:263,50,0,1
BRDA:263,50,1,2
BRF:114
BRH:113
end_of_record
TN:
SF:src/lib/api.ts
FN:77,setNsfwIntent
FN:81,getToken
FN:86,setToken
FN:96,mediaUrl
FN:104,(anonymous_4)
FN:114,friendlyMessage
FN:127,readErrorDetail
FN:152,apiFetch
FN:168,(anonymous_8)
FN:173,(anonymous_9)
FN:205,login
FN:217,logout
FN:225,fetchMe
FN:235,fetchEngines
FN:244,submitTxt2Img
FN:261,extFromMime
FN:281,uploadImage
FN:306,submitImg2Img
FN:325,uploadKindForEngine
FN:355,videoExtFromMime
FN:372,uploadVideo
FN:401,audioExtFromMime
FN:425,uploadAudio
FN:455,reversePrompt
FN:486,optimizePrompt
FN:501,submitLtx25T2V
FN:513,submitLtx25I2V
FN:525,submitWanAnimate
FN:537,submitWanVace
FN:551,submitH3T2V
FN:563,submitH3I2V
FN:575,submitLongCatT2V
FN:587,submitLongCatI2V
FN:599,submitLongCatContinue
FN:613,submitAceMusic
FN:628,submitLtxNsfwT2V
FN:640,submitLtxNsfwI2V
FN:652,submitLtxNsfwLipsync
FN:669,submitAvatarTalk
FN:683,listJobs
FN:690,deleteJob
FN:698,rerunJob
FN:706,fetchVersions
FN:716,listAssets
FN:722,createAsset
FN:727,getAsset
FN:732,updateAsset
FN:740,deleteAsset
FN:749,assetImageUrl
FN:766,agentChatStream
FN:819,(anonymous_50)
FN:840,listAgentSessions
FN:848,getAgentSession
FN:853,deleteAgentSession
FN:863,forkAgentSession
FN:886,docExtFromMime
FN:900,listDocs
FN:910,uploadDoc
FN:927,deleteDoc
FN:937,listAgentRuns
FN:943,getAgentRun
FN:948,cancelAgentRun
FN:962,resumeAgentRun
FN:979,agentTaskAction
FN:999,updateAgentRunPlan
FN:1015,getAgentRunResult
FN:1028,watchAgentRunEvents
FN:1062,(anonymous_67)
FNF:68
FNH:67
FNDA:44,setNsfwIntent
FNDA:184,getToken
FNDA:214,setToken
FNDA:7,mediaUrl
FNDA:64,(anonymous_4)
FNDA:42,friendlyMessage
FNDA:42,readErrorDetail
FNDA:144,apiFetch
FNDA:12,(anonymous_8)
FNDA:0,(anonymous_9)
FNDA:3,login
FNDA:3,logout
FNDA:5,fetchMe
FNDA:2,fetchEngines
FNDA:1,submitTxt2Img
FNDA:2,extFromMime
FNDA:6,uploadImage
FNDA:2,submitImg2Img
FNDA:17,uploadKindForEngine
FNDA:2,videoExtFromMime
FNDA:3,uploadVideo
FNDA:1,audioExtFromMime
FNDA:3,uploadAudio
FNDA:8,reversePrompt
FNDA:6,optimizePrompt
FNDA:3,submitLtx25T2V
FNDA:1,submitLtx25I2V
FNDA:1,submitWanAnimate
FNDA:2,submitWanVace
FNDA:4,submitH3T2V
FNDA:2,submitH3I2V
FNDA:2,submitLongCatT2V
FNDA:2,submitLongCatI2V
FNDA:2,submitLongCatContinue
FNDA:2,submitAceMusic
FNDA:3,submitLtxNsfwT2V
FNDA:2,submitLtxNsfwI2V
FNDA:2,submitLtxNsfwLipsync
FNDA:3,submitAvatarTalk
FNDA:6,listJobs
FNDA:2,deleteJob
FNDA:3,rerunJob
FNDA:2,fetchVersions
FNDA:2,listAssets
FNDA:2,createAsset
FNDA:2,getAsset
FNDA:1,updateAsset
FNDA:1,deleteAsset
FNDA:1,assetImageUrl
FNDA:13,agentChatStream
FNDA:14,(anonymous_50)
FNDA:1,listAgentSessions
FNDA:2,getAgentSession
FNDA:1,deleteAgentSession
FNDA:4,forkAgentSession
FNDA:1,docExtFromMime
FNDA:1,listDocs
FNDA:5,uploadDoc
FNDA:2,deleteDoc
FNDA:2,listAgentRuns
FNDA:1,getAgentRun
FNDA:2,cancelAgentRun
FNDA:3,resumeAgentRun
FNDA:5,agentTaskAction
FNDA:4,updateAgentRunPlan
FNDA:3,getAgentRunResult
FNDA:8,watchAgentRunEvents
FNDA:7,(anonymous_67)
DA:61,6
DA:64,6
DA:66,6
DA:68,6
DA:74,6
DA:78,44
DA:82,184
DA:83,184
DA:87,214
DA:88,214
DA:89,38
DA:97,7
DA:98,6
DA:99,6
DA:100,5
DA:108,64
DA:109,64
DA:115,42
DA:116,39
DA:117,36
DA:118,27
DA:119,26
DA:120,21
DA:128,42
DA:129,42
DA:130,41
DA:131,3
DA:133,38
DA:134,4
DA:136,1
DA:156,144
DA:157,144
DA:158,144
DA:160,144
DA:161,144
DA:162,144
DA:163,144
DA:164,144
DA:166,144
DA:167,144
DA:168,12
DA:171,144
DA:172,1
DA:173,0
DA:177,144
DA:178,144
DA:185,16
DA:186,12
DA:188,4
DA:190,144
DA:193,128
DA:194,40
DA:197,88
DA:198,86
DA:206,3
DA:210,3
DA:211,1
DA:213,2
DA:214,2
DA:218,3
DA:226,5
DA:236,2
DA:237,2
DA:245,1
DA:262,2
DA:264,0
DA:266,2
DA:268,0
DA:270,0
DA:286,6
DA:287,6
DA:289,6
DA:294,6
DA:295,6
DA:307,2
DA:326,17
DA:328,1
DA:330,1
DA:333,2
DA:335,1
DA:337,1
DA:341,3
DA:343,8
DA:356,2
DA:358,2
DA:360,0
DA:362,0
DA:377,3
DA:378,3
DA:380,3
DA:385,3
DA:386,3
DA:402,1
DA:406,0
DA:409,1
DA:411,0
DA:413,0
DA:415,0
DA:430,3
DA:431,3
DA:433,3
DA:438,3
DA:439,3
DA:458,8
DA:460,8
DA:462,8
DA:464,8
DA:469,8
DA:474,6
DA:490,6
DA:494,4
DA:502,3
DA:514,1
DA:526,1
DA:538,2
DA:552,4
DA:564,2
DA:576,2
DA:588,2
DA:602,2
DA:614,2
DA:629,3
DA:641,2
DA:653,2
DA:670,3
DA:684,6
DA:685,6
DA:686,6
DA:691,2
DA:699,3
DA:707,2
DA:717,2
DA:718,2
DA:723,2
DA:728,2
DA:733,1
DA:741,1
DA:750,1
DA:776,13
DA:777,13
DA:781,13
DA:782,13
DA:783,13
DA:786,13
DA:787,13
DA:802,2
DA:803,1
DA:806,11
DA:807,1
DA:810,10
DA:811,10
DA:813,1
DA:816,9
DA:817,9
DA:820,14
DA:821,5
DA:822,5
DA:830,0
DA:831,0
DA:833,9
DA:841,1
DA:849,2
DA:854,1
DA:867,4
DA:887,1
DA:889,0
DA:891,1
DA:893,0
DA:895,0
DA:901,1
DA:911,5
DA:912,5
DA:914,5
DA:919,5
DA:928,2
DA:938,2
DA:939,2
DA:944,1
DA:949,2
DA:966,3
DA:984,5
DA:1003,4
DA:1016,3
DA:1034,8
DA:1035,8
DA:1036,8
DA:1037,8
DA:1040,8
DA:1041,8
DA:1047,2
DA:1048,1
DA:1051,6
DA:1052,1
DA:1054,5
DA:1056,1
DA:1059,4
DA:1060,4
DA:1063,7
DA:1064,7
DA:1065,6
DA:1073,0
DA:1074,0
LF:202
LH:185
BRDA:88,0,0,176
BRDA:88,0,1,38
BRDA:97,1,0,1
BRDA:97,1,1,6
BRDA:98,2,0,1
BRDA:98,2,1,5
BRDA:98,3,0,4
BRDA:98,3,1,1
BRDA:99,4,0,1
BRDA:99,4,1,5
BRDA:100,5,0,1
BRDA:100,5,1,4
BRDA:115,6,0,3
BRDA:115,6,1,39
BRDA:116,7,0,3
BRDA:116,7,1,36
BRDA:117,8,0,9
BRDA:117,8,1,27
BRDA:118,9,0,1
BRDA:118,9,1,26
BRDA:119,10,0,5
BRDA:119,10,1,21
BRDA:120,11,0,21
BRDA:120,11,1,1
BRDA:130,12,0,3
BRDA:130,12,1,38
BRDA:131,13,0,3
BRDA:131,13,1,0
BRDA:133,14,0,34
BRDA:133,14,1,4
BRDA:134,15,0,4
BRDA:134,15,1,4
BRDA:154,16,0,42
BRDA:156,17,0,45
BRDA:156,18,0,88
BRDA:158,19,0,1
BRDA:158,19,1,143
BRDA:162,20,0,125
BRDA:162,20,1,19
BRDA:163,21,0,2
BRDA:163,21,1,142
BRDA:163,22,0,144
BRDA:163,22,1,142
BRDA:164,23,0,64
BRDA:164,23,1,80
BRDA:164,24,0,144
BRDA:164,24,1,64
BRDA:169,25,0,56
BRDA:169,25,1,88
BRDA:171,26,0,1
BRDA:171,26,1,143
BRDA:172,27,0,1
BRDA:172,27,1,0
BRDA:181,28,0,144
BRDA:181,28,1,119
BRDA:181,29,0,55
BRDA:181,29,1,64
BRDA:185,30,0,12
BRDA:185,30,1,4
BRDA:185,31,0,16
BRDA:185,31,1,13
BRDA:193,32,0,40
BRDA:193,32,1,88
BRDA:197,33,0,2
BRDA:197,33,1,86
BRDA:210,34,0,1
BRDA:210,34,1,2
BRDA:210,35,0,3
BRDA:210,35,1,2
BRDA:237,36,0,2
BRDA:237,36,1,1
BRDA:262,37,0,0
BRDA:262,37,1,2
BRDA:262,37,2,0
BRDA:262,37,3,0
BRDA:283,38,0,3
BRDA:286,39,0,6
BRDA:286,39,1,1
BRDA:292,40,0,6
BRDA:292,40,1,4
BRDA:294,41,0,1
BRDA:294,41,1,5
BRDA:326,42,0,1
BRDA:326,42,1,1
BRDA:326,42,2,1
BRDA:326,42,3,2
BRDA:326,42,4,1
BRDA:326,42,5,1
BRDA:326,42,6,1
BRDA:326,42,7,2
BRDA:326,42,8,3
BRDA:326,42,9,8
BRDA:356,43,0,2
BRDA:356,43,1,0
BRDA:356,43,2,0
BRDA:377,44,0,3
BRDA:377,44,1,1
BRDA:383,45,0,3
BRDA:383,45,1,1
BRDA:385,46,0,1
BRDA:385,46,1,2
BRDA:402,47,0,0
BRDA:402,47,1,0
BRDA:402,47,2,0
BRDA:402,47,3,1
BRDA:402,47,4,1
BRDA:402,47,5,0
BRDA:402,47,6,0
BRDA:402,47,7,0
BRDA:430,48,0,3
BRDA:430,48,1,1
BRDA:436,49,0,3
BRDA:436,49,1,1
BRDA:438,50,0,1
BRDA:438,50,1,2
BRDA:458,51,0,8
BRDA:458,51,1,0
BRDA:460,52,0,8
BRDA:460,52,1,2
BRDA:461,53,0,1
BRDA:461,53,1,1
BRDA:467,54,0,8
BRDA:467,54,1,0
BRDA:467,55,0,0
BRDA:467,55,1,0
BRDA:474,56,0,6
BRDA:474,56,1,5
BRDA:494,57,0,4
BRDA:494,57,1,2
BRDA:683,58,0,1
BRDA:684,59,0,2
BRDA:684,60,0,3
BRDA:684,61,0,4
BRDA:684,62,0,6
BRDA:685,63,0,2
BRDA:685,63,1,4
BRDA:685,64,0,2
BRDA:685,64,1,4
BRDA:685,65,0,0
BRDA:685,65,1,6
BRDA:698,66,0,2
BRDA:717,67,0,1
BRDA:717,67,1,1
BRDA:782,68,0,13
BRDA:782,68,1,0
BRDA:783,69,0,1
BRDA:783,69,1,12
BRDA:792,70,0,1
BRDA:792,70,1,12
BRDA:794,71,0,2
BRDA:794,71,1,11
BRDA:794,72,0,13
BRDA:794,72,1,3
BRDA:796,73,0,2
BRDA:796,73,1,11
BRDA:798,74,0,13
BRDA:798,74,1,12
BRDA:802,75,0,1
BRDA:802,75,1,1
BRDA:806,76,0,1
BRDA:806,76,1,10
BRDA:810,77,0,10
BRDA:810,77,1,0
BRDA:811,78,0,1
BRDA:811,78,1,9
BRDA:820,79,0,9
BRDA:820,79,1,5
BRDA:830,80,0,0
BRDA:830,80,1,0
BRDA:831,81,0,0
BRDA:831,81,1,0
BRDA:871,82,0,2
BRDA:871,82,1,2
BRDA:887,83,0,0
BRDA:887,83,1,1
BRDA:887,83,2,0
BRDA:887,83,3,0
BRDA:911,84,0,5
BRDA:911,84,1,1
BRDA:917,85,0,5
BRDA:917,85,1,0
BRDA:937,86,0,1
BRDA:938,87,0,1
BRDA:938,87,1,1
BRDA:1035,88,0,7
BRDA:1035,88,1,1
BRDA:1037,89,0,7
BRDA:1037,89,1,1
BRDA:1043,90,0,8
BRDA:1043,90,1,7
BRDA:1047,91,0,1
BRDA:1047,91,1,1
BRDA:1051,92,0,1
BRDA:1051,92,1,5
BRDA:1054,93,0,1
BRDA:1054,93,1,4
BRDA:1065,94,0,5
BRDA:1065,94,1,1
BRDA:1073,95,0,0
BRDA:1073,95,1,0
BRDA:1074,96,0,0
BRDA:1074,96,1,0
BRF:202
BRH:170
end_of_record
TN:
SF:src/lib/config.ts
FN:12,setApiBaseOverride
FN:16,resolveApiBase
FN:26,assertApiBaseSane
FNF:3
FNH:3
FNDA:20,setApiBaseOverride
FNDA:3,resolveApiBase
FNDA:4,assertApiBaseSane
DA:7,15
DA:9,15
DA:13,20
DA:17,3
DA:19,3
DA:27,4
DA:28,3
DA:29,3
DA:30,2
DA:31,2
DA:33,1
LF:11
LH:11
BRDA:13,0,0,2
BRDA:13,0,1,18
BRDA:13,1,0,20
BRDA:13,1,1,3
BRDA:19,2,0,3
BRDA:19,2,1,2
BRDA:19,2,2,2
BRDA:27,3,0,1
BRDA:27,3,1,3
BRDA:29,4,0,2
BRDA:29,4,1,1
BRF:11
BRH:11
end_of_record
TN:
SF:src/lib/doc-utils.ts
FN:10,docStatusLabel
FN:24,formatDocSize
FNF:2
FNH:2
FNDA:27,docStatusLabel
FNDA:31,formatDocSize
DA:11,27
DA:13,19
DA:15,1
DA:17,5
DA:19,2
DA:25,31
DA:26,24
DA:27,3
LF:8
LH:8
BRDA:11,0,0,19
BRDA:11,0,1,1
BRDA:11,0,2,5
BRDA:11,0,3,2
BRDA:25,1,0,7
BRDA:25,1,1,24
BRDA:26,2,0,21
BRDA:26,2,1,3
BRF:8
BRH:8
end_of_record
TN:
SF:src/lib/format.ts
FN:6,formatRelativeTime
FNF:1
FNH:1
FNDA:261,formatRelativeTime
DA:7,261
DA:8,261
DA:9,260
DA:10,260
DA:11,260
DA:12,171
DA:13,13
DA:14,13
DA:15,12
DA:16,12
LF:10
LH:10
BRDA:6,0,0,256
BRDA:8,1,0,1
BRDA:8,1,1,260
BRDA:11,2,0,89
BRDA:11,2,1,171
BRDA:12,3,0,158
BRDA:12,3,1,13
BRDA:14,4,0,1
BRDA:14,4,1,12
BRF:9
BRH:9
end_of_record
TN:
SF:src/lib/job-events.ts
FN:71,delay
FN:72,(anonymous_1)
FN:73,(anonymous_2)
FN:77,(anonymous_3)
FN:85,streamJobEvents
FN:117,(anonymous_5)
FN:124,(anonymous_6)
FN:126,(anonymous_7)
FN:133,(anonymous_8)
FN:191,(anonymous_9)
FNF:10
FNH:9
FNDA:4,delay
FNDA:4,(anonymous_1)
FNDA:4,(anonymous_2)
FNDA:0,(anonymous_3)
FNDA:14,streamJobEvents
FNDA:72,(anonymous_5)
FNDA:38,(anonymous_6)
FNDA:6,(anonymous_7)
FNDA:18,(anonymous_8)
FNDA:2,(anonymous_9)
DA:72,4
DA:73,4
DA:74,4
DA:75,4
DA:77,4
DA:78,0
DA:79,0
DA:81,4
DA:90,14
DA:91,14
DA:92,14
DA:93,14
DA:94,14
DA:96,14
DA:97,14
DA:98,14
DA:99,14
DA:100,14
DA:102,14
DA:103,14
DA:105,14
DA:106,14
DA:108,14
DA:110,14
DA:111,14
DA:112,14
DA:113,14
DA:114,14
DA:115,14
DA:117,14
DA:118,72
DA:119,38
DA:120,38
DA:124,14
DA:125,38
DA:126,38
DA:127,6
DA:128,6
DA:133,14
DA:134,18
DA:135,0
DA:136,18
DA:137,18
DA:138,18
DA:139,8
DA:140,7
DA:141,6
DA:142,5
DA:143,5
DA:144,5
DA:150,6
DA:152,10
DA:153,3
DA:154,2
DA:155,2
DA:156,2
DA:157,2
DA:159,7
DA:160,6
DA:161,6
DA:162,6
DA:163,6
DA:164,6
DA:165,6
DA:166,6
DA:169,1
DA:170,1
DA:171,1
DA:172,1
DA:176,1
DA:177,1
DA:178,1
DA:179,1
DA:185,14
DA:186,21
DA:187,20
DA:188,20
DA:189,20
DA:190,20
DA:191,20
DA:192,20
DA:193,20
DA:195,20
DA:196,20
DA:197,17
DA:199,5
DA:200,2
DA:201,2
DA:202,2
DA:203,2
DA:205,3
DA:207,12
DA:209,12
DA:210,12
DA:211,12
DA:212,12
DA:213,12
DA:214,12
DA:216,11
DA:217,11
DA:218,2
DA:219,2
DA:220,2
DA:223,9
DA:224,9
DA:225,9
DA:226,6
DA:227,6
DA:228,2
DA:229,2
DA:230,2
DA:232,4
DA:235,20
DA:236,20
DA:237,20
DA:240,14
DA:241,14
LF:117
LH:114
BRDA:88,0,0,11
BRDA:91,1,0,14
BRDA:91,1,1,14
BRDA:92,2,0,14
BRDA:92,2,1,14
BRDA:93,3,0,14
BRDA:93,3,1,14
BRDA:94,4,0,14
BRDA:94,4,1,14
BRDA:97,5,0,14
BRDA:97,5,1,0
BRDA:100,6,0,14
BRDA:100,6,1,0
BRDA:118,7,0,38
BRDA:118,7,1,34
BRDA:134,8,0,0
BRDA:134,8,1,18
BRDA:134,9,0,18
BRDA:134,9,1,10
BRDA:134,9,2,7
BRDA:134,9,3,1
BRDA:138,10,0,8
BRDA:138,10,1,10
BRDA:139,11,0,1
BRDA:139,11,1,7
BRDA:139,12,0,8
BRDA:139,12,1,2
BRDA:141,13,0,5
BRDA:141,13,1,1
BRDA:141,14,0,6
BRDA:141,14,1,6
BRDA:143,15,0,5
BRDA:143,15,1,0
BRDA:152,16,0,3
BRDA:152,16,1,7
BRDA:153,17,0,1
BRDA:153,17,1,2
BRDA:153,18,0,3
BRDA:153,18,1,1
BRDA:159,19,0,6
BRDA:159,19,1,1
BRDA:161,20,0,6
BRDA:161,20,1,0
BRDA:172,21,0,1
BRDA:172,21,1,0
BRDA:172,22,0,1
BRDA:172,22,1,1
BRDA:186,23,0,1
BRDA:186,23,1,20
BRDA:197,24,0,5
BRDA:197,24,1,12
BRDA:199,25,0,2
BRDA:199,25,1,3
BRDA:199,26,0,5
BRDA:199,26,1,4
BRDA:207,27,0,0
BRDA:207,27,1,12
BRDA:211,28,0,3
BRDA:211,28,1,9
BRDA:214,29,0,5
BRDA:214,29,1,7
BRDA:216,30,0,0
BRDA:216,30,1,11
BRDA:217,31,0,2
BRDA:217,31,1,9
BRDA:223,32,0,9
BRDA:223,32,1,6
BRDA:225,33,0,6
BRDA:225,33,1,3
BRDA:227,34,0,2
BRDA:227,34,1,4
BRF:71
BRH:63
end_of_record
TN:
SF:src/lib/media.ts
FN:16,downloadToCache
FN:40,downloadAndSaveToLibrary
FNF:2
FNH:2
FNDA:5,downloadToCache
FNDA:3,downloadAndSaveToLibrary
DA:19,5
DA:24,5
DA:26,5
DA:27,5
DA:29,2
DA:32,3
DA:41,3
DA:43,2
DA:44,2
DA:45,1
DA:48,1
LF:11
LH:11
BRDA:19,0,0,5
BRDA:19,0,1,0
BRDA:44,1,0,1
BRDA:44,1,1,1
BRF:4
BRH:3
end_of_record
TN:
SF:src/lib/media.web.ts
FN:13,downloadToCache
FN:21,downloadAndSaveToLibrary
FNF:2
FNH:2
FNDA:1,downloadToCache
FNDA:1,downloadAndSaveToLibrary
DA:14,1
DA:22,1
LF:2
LH:2
BRF:0
BRH:0
end_of_record
TN:
SF:src/lib/mmkv.ts
FN:12,(anonymous_0)
FN:13,(anonymous_1)
FN:16,(anonymous_2)
FNF:3
FNH:2
FNDA:19,(anonymous_0)
FNDA:46,(anonymous_1)
FNDA:0,(anonymous_2)
DA:8,23
DA:11,23
DA:12,19
DA:14,46
DA:17,0
LF:5
LH:4
BRDA:12,0,0,19
BRDA:12,0,1,19
BRF:2
BRH:2
end_of_record
TN:
SF:src/lib/poll.ts
FN:23,(anonymous_0)
FN:29,isAbortError
FN:36,sleep
FN:37,(anonymous_3)
FN:42,(anonymous_4)
FN:46,(anonymous_5)
FN:54,pollUntil
FNF:7
FNH:6
FNDA:1,(anonymous_0)
FNDA:4,isAbortError
FNDA:9,sleep
FNDA:9,(anonymous_3)
FNDA:8,(anonymous_4)
FNDA:0,(anonymous_5)
FNDA:5,pollUntil
DA:20,1
DA:24,1
DA:25,1
DA:30,4
DA:37,9
DA:38,9
DA:39,1
DA:40,1
DA:42,8
DA:43,8
DA:44,8
DA:46,8
DA:47,0
DA:48,0
DA:50,8
DA:62,5
DA:64,5
DA:65,5
DA:67,5
DA:68,13
DA:70,13
DA:71,13
DA:72,9
DA:73,9
DA:74,9
DA:76,4
DA:77,4
DA:78,4
DA:79,4
DA:82,9
DA:83,9
DA:84,9
LF:32
LH:30
BRDA:31,0,0,4
BRDA:31,0,1,4
BRDA:31,0,2,0
BRDA:38,1,0,1
BRDA:38,1,1,8
BRDA:58,2,0,0
BRDA:61,3,0,4
BRDA:68,4,0,0
BRDA:68,4,1,13
BRDA:74,5,0,3
BRDA:74,5,1,6
BRDA:76,6,0,0
BRDA:76,6,1,4
BRDA:79,7,0,1
BRDA:79,7,1,3
BRF:15
BRH:11
end_of_record
TN:
SF:src/lib/sse.ts
FN:20,parseSseStream
FN:30,(anonymous_1)
FN:37,(anonymous_2)
FN:56,(anonymous_3)
FNF:4
FNH:4
FNDA:37,parseSseStream
FNDA:56,(anonymous_1)
FNDA:163,(anonymous_2)
FNDA:13,(anonymous_3)
DA:25,37
DA:26,37
DA:27,37
DA:28,37
DA:30,37
DA:32,56
DA:33,56
DA:34,56
DA:37,37
DA:38,163
DA:39,56
DA:40,56
DA:42,107
DA:43,106
DA:44,106
DA:45,106
DA:46,106
DA:47,106
DA:48,55
DA:52,37
DA:53,1
DA:54,1
DA:56,36
DA:57,13
DA:59,36
DA:61,36
DA:62,36
DA:63,69
DA:64,69
DA:65,41
DA:66,41
DA:67,41
DA:68,162
DA:69,41
DA:72,28
DA:73,28
DA:75,36
LF:37
LH:37
BRDA:32,0,0,53
BRDA:32,0,1,3
BRDA:38,1,0,56
BRDA:38,1,1,107
BRDA:42,2,0,1
BRDA:42,2,1,106
BRDA:44,3,0,0
BRDA:44,3,1,106
BRDA:45,4,0,0
BRDA:45,4,1,106
BRDA:46,5,0,106
BRDA:46,5,1,0
BRDA:47,6,0,51
BRDA:47,6,1,55
BRDA:48,7,0,55
BRDA:48,7,1,0
BRDA:52,8,0,1
BRDA:52,8,1,36
BRDA:64,9,0,28
BRDA:64,9,1,41
BRDA:67,10,0,41
BRDA:67,10,1,0
BRDA:69,11,0,8
BRDA:69,11,1,33
BRDA:73,12,0,1
BRDA:73,12,1,27
BRF:26
BRH:21
end_of_record
TN:
SF:src/stores/auth.ts
FN:27,readCachedUser
FN:38,writeCachedUser
FN:43,(anonymous_2)
FN:47,(anonymous_3)
FN:72,(anonymous_4)
FN:78,(anonymous_5)
FNF:6
FNH:6
FNDA:2,readCachedUser
FNDA:6,writeCachedUser
FNDA:2,(anonymous_2)
FNDA:5,(anonymous_3)
FNDA:1,(anonymous_4)
FNDA:3,(anonymous_5)
DA:14,2
DA:28,2
DA:29,2
DA:30,1
DA:31,1
DA:34,0
DA:39,6
DA:40,4
DA:43,2
DA:48,5
DA:49,5
DA:50,1
DA:51,1
DA:53,4
DA:54,4
DA:55,1
DA:56,1
DA:58,3
DA:60,1
DA:61,1
DA:62,1
DA:63,1
DA:66,2
DA:67,2
DA:68,1
DA:73,1
DA:74,1
DA:75,1
DA:79,3
DA:80,3
DA:81,3
DA:82,3
LF:32
LH:31
BRDA:29,0,0,1
BRDA:29,0,1,1
BRDA:39,1,0,2
BRDA:39,1,1,4
BRDA:49,2,0,1
BRDA:49,2,1,4
BRDA:58,3,0,1
BRDA:58,3,1,2
BRDA:58,4,0,3
BRDA:58,4,1,3
BRDA:67,5,0,1
BRDA:67,5,1,1
BRF:12
BRH:12
end_of_record
TN:
SF:src/stores/generation-draft.ts
FN:20,(anonymous_0)
FN:22,(anonymous_1)
FN:23,(anonymous_2)
FNF:3
FNH:3
FNDA:6,(anonymous_0)
FNDA:5,(anonymous_1)
FNDA:61,(anonymous_2)
DA:20,6
DA:22,5
DA:24,61
DA:25,61
DA:26,61
LF:5
LH:5
BRDA:25,0,0,3
BRDA:25,0,1,58
BRF:2
BRH:2
end_of_record
TN:
SF:src/stores/settings.ts
FN:29,applySideEffects
FN:39,(anonymous_1)
FN:44,(anonymous_2)
FN:45,(anonymous_3)
FN:46,(anonymous_4)
FN:50,(anonymous_5)
FN:57,(anonymous_6)
FN:58,(anonymous_7)
FN:64,(anonymous_8)
FN:64,(anonymous_9)
FNF:10
FNH:10
FNDA:23,applySideEffects
FNDA:19,(anonymous_1)
FNDA:2,(anonymous_2)
FNDA:2,(anonymous_3)
FNDA:2,(anonymous_4)
FNDA:1,(anonymous_5)
FNDA:19,(anonymous_6)
FNDA:46,(anonymous_7)
FNDA:20,(anonymous_8)
FNDA:33,(anonymous_9)
DA:33,23
DA:34,22
DA:37,19
DA:39,19
DA:44,2
DA:45,2
DA:47,2
DA:48,2
DA:51,1
DA:52,1
DA:57,19
DA:58,46
DA:64,20
DA:66,33
LF:14
LH:14
BRDA:66,0,0,20
BRDA:66,0,1,13
BRF:2
BRH:2
end_of_record
